[1001/161427.086:ERROR:crash_report_database_win.cc(469)] failed to stat report
[1001/161427.086:ERROR:crash_report_database_win.cc(469)] failed to stat report
[1001/161427.087:ERROR:crash_report_database_win.cc(469)] failed to stat report
[1001/161427.087:ERROR:crash_report_database_win.cc(469)] failed to stat report
[1001/161427.087:ERROR:crash_report_database_win.cc(469)] failed to stat report
[1001/161427.087:ERROR:crash_report_database_win.cc(469)] failed to stat report
[1001/161427.087:ERROR:crash_report_database_win.cc(469)] failed to stat report
[1001/161427.087:ERROR:crash_report_database_win.cc(469)] failed to stat report
[1001/161427.087:ERROR:crash_report_database_win.cc(469)] failed to stat report
[1002/095206.347:ERROR:crash_report_database_win.cc(469)] failed to stat report
[1002/095206.348:ERROR:crash_report_database_win.cc(469)] failed to stat report
[1002/095206.348:ERROR:crash_report_database_win.cc(469)] failed to stat report
[1002/095206.348:ERROR:crash_report_database_win.cc(469)] failed to stat report
[1002/095206.348:ERROR:crash_report_database_win.cc(469)] failed to stat report
[1002/095206.348:ERROR:crash_report_database_win.cc(469)] failed to stat report
[1002/095206.348:ERROR:crash_report_database_win.cc(469)] failed to stat report
[1002/095206.348:ERROR:crash_report_database_win.cc(469)] failed to stat report
[1002/095206.348:ERROR:crash_report_database_win.cc(469)] failed to stat report
[1002/102944.071:ERROR:crash_report_database_win.cc(469)] failed to stat report
[1002/102944.072:ERROR:crash_report_database_win.cc(469)] failed to stat report
[1002/102944.072:ERROR:crash_report_database_win.cc(469)] failed to stat report
[1002/102944.072:ERROR:crash_report_database_win.cc(469)] failed to stat report
[1002/102944.072:ERROR:crash_report_database_win.cc(469)] failed to stat report
[1002/102944.072:ERROR:crash_report_database_win.cc(469)] failed to stat report
[1002/102944.072:ERROR:crash_report_database_win.cc(469)] failed to stat report
[1002/102944.072:ERROR:crash_report_database_win.cc(469)] failed to stat report
[1002/102944.073:ERROR:crash_report_database_win.cc(469)] failed to stat report
[1002/104228.536:ERROR:crash_report_database_win.cc(469)] failed to stat report
[1002/104228.537:ERROR:crash_report_database_win.cc(469)] failed to stat report
[1002/104228.537:ERROR:crash_report_database_win.cc(469)] failed to stat report
[1002/104228.537:ERROR:crash_report_database_win.cc(469)] failed to stat report
[1002/104228.537:ERROR:crash_report_database_win.cc(469)] failed to stat report
[1002/104228.537:ERROR:crash_report_database_win.cc(469)] failed to stat report
[1002/104228.537:ERROR:crash_report_database_win.cc(469)] failed to stat report
[1002/104228.537:ERROR:crash_report_database_win.cc(469)] failed to stat report
[1002/104228.537:ERROR:crash_report_database_win.cc(469)] failed to stat report
[1002/110625.201:ERROR:crash_report_database_win.cc(469)] failed to stat report
[1002/110625.202:ERROR:crash_report_database_win.cc(469)] failed to stat report
[1002/110625.202:ERROR:crash_report_database_win.cc(469)] failed to stat report
[1002/110625.202:ERROR:crash_report_database_win.cc(469)] failed to stat report
[1002/110625.202:ERROR:crash_report_database_win.cc(469)] failed to stat report
[1002/110625.202:ERROR:crash_report_database_win.cc(469)] failed to stat report
[1002/110625.202:ERROR:crash_report_database_win.cc(469)] failed to stat report
[1002/110625.202:ERROR:crash_report_database_win.cc(469)] failed to stat report
[1002/110625.202:ERROR:crash_report_database_win.cc(469)] failed to stat report
[1002/110929.514:ERROR:crash_report_database_win.cc(469)] failed to stat report
[1002/110929.514:ERROR:crash_report_database_win.cc(469)] failed to stat report
[1002/110929.514:ERROR:crash_report_database_win.cc(469)] failed to stat report
[1002/110929.514:ERROR:crash_report_database_win.cc(469)] failed to stat report
[1002/110929.514:ERROR:crash_report_database_win.cc(469)] failed to stat report
[1002/110929.514:ERROR:crash_report_database_win.cc(469)] failed to stat report
[1002/110929.514:ERROR:crash_report_database_win.cc(469)] failed to stat report
[1002/110929.514:ERROR:crash_report_database_win.cc(469)] failed to stat report
[1002/110929.514:ERROR:crash_report_database_win.cc(469)] failed to stat report
[1002/135556.885:ERROR:crash_report_database_win.cc(469)] failed to stat report
[1002/135556.885:ERROR:crash_report_database_win.cc(469)] failed to stat report
[1002/135556.885:ERROR:crash_report_database_win.cc(469)] failed to stat report
[1002/135556.885:ERROR:crash_report_database_win.cc(469)] failed to stat report
[1002/135556.885:ERROR:crash_report_database_win.cc(469)] failed to stat report
[1002/135556.885:ERROR:crash_report_database_win.cc(469)] failed to stat report
[1002/135556.886:ERROR:crash_report_database_win.cc(469)] failed to stat report
[1002/135556.886:ERROR:crash_report_database_win.cc(469)] failed to stat report
[1002/135556.886:ERROR:crash_report_database_win.cc(469)] failed to stat report
[1002/135709.922:ERROR:crash_report_database_win.cc(469)] failed to stat report
[1002/135709.923:ERROR:crash_report_database_win.cc(469)] failed to stat report
[1002/135709.923:ERROR:crash_report_database_win.cc(469)] failed to stat report
[1002/135709.923:ERROR:crash_report_database_win.cc(469)] failed to stat report
[1002/135709.923:ERROR:crash_report_database_win.cc(469)] failed to stat report
[1002/135709.923:ERROR:crash_report_database_win.cc(469)] failed to stat report
[1002/135709.923:ERROR:crash_report_database_win.cc(469)] failed to stat report
[1002/135709.923:ERROR:crash_report_database_win.cc(469)] failed to stat report
[1002/135709.923:ERROR:crash_report_database_win.cc(469)] failed to stat report
[1002/135826.164:ERROR:crash_report_database_win.cc(469)] failed to stat report
[1002/135826.165:ERROR:crash_report_database_win.cc(469)] failed to stat report
[1002/135826.165:ERROR:crash_report_database_win.cc(469)] failed to stat report
[1002/135826.165:ERROR:crash_report_database_win.cc(469)] failed to stat report
[1002/135826.165:ERROR:crash_report_database_win.cc(469)] failed to stat report
[1002/135826.165:ERROR:crash_report_database_win.cc(469)] failed to stat report
[1002/135826.165:ERROR:crash_report_database_win.cc(469)] failed to stat report
[1002/135826.165:ERROR:crash_report_database_win.cc(469)] failed to stat report
[1002/135826.165:ERROR:crash_report_database_win.cc(469)] failed to stat report
[1002/143502.982:ERROR:crash_report_database_win.cc(469)] failed to stat report
[1002/143502.982:ERROR:crash_report_database_win.cc(469)] failed to stat report
[1002/143502.982:ERROR:crash_report_database_win.cc(469)] failed to stat report
[1002/143502.982:ERROR:crash_report_database_win.cc(469)] failed to stat report
[1002/143502.982:ERROR:crash_report_database_win.cc(469)] failed to stat report
[1002/143502.982:ERROR:crash_report_database_win.cc(469)] failed to stat report
[1002/143502.982:ERROR:crash_report_database_win.cc(469)] failed to stat report
[1002/143502.983:ERROR:crash_report_database_win.cc(469)] failed to stat report
[1002/143502.983:ERROR:crash_report_database_win.cc(469)] failed to stat report
[1002/151121.236:ERROR:crash_report_database_win.cc(469)] failed to stat report
[1002/151121.236:ERROR:crash_report_database_win.cc(469)] failed to stat report
[1002/151121.236:ERROR:crash_report_database_win.cc(469)] failed to stat report
[1002/151121.237:ERROR:crash_report_database_win.cc(469)] failed to stat report
[1002/151121.237:ERROR:crash_report_database_win.cc(469)] failed to stat report
[1002/151121.237:ERROR:crash_report_database_win.cc(469)] failed to stat report
[1002/151121.237:ERROR:crash_report_database_win.cc(469)] failed to stat report
[1002/151121.237:ERROR:crash_report_database_win.cc(469)] failed to stat report
[1002/151121.237:ERROR:crash_report_database_win.cc(469)] failed to stat report
[1002/155309.701:ERROR:crash_report_database_win.cc(469)] failed to stat report
[1002/155309.702:ERROR:crash_report_database_win.cc(469)] failed to stat report
[1002/155309.702:ERROR:crash_report_database_win.cc(469)] failed to stat report
[1002/155309.702:ERROR:crash_report_database_win.cc(469)] failed to stat report
[1002/155309.702:ERROR:crash_report_database_win.cc(469)] failed to stat report
[1002/155309.702:ERROR:crash_report_database_win.cc(469)] failed to stat report
[1002/155309.702:ERROR:crash_report_database_win.cc(469)] failed to stat report
[1002/155309.702:ERROR:crash_report_database_win.cc(469)] failed to stat report
[1002/155309.702:ERROR:crash_report_database_win.cc(469)] failed to stat report
[1002/155527.701:ERROR:crash_report_database_win.cc(469)] failed to stat report
[1002/155527.702:ERROR:crash_report_database_win.cc(469)] failed to stat report
[1002/155527.702:ERROR:crash_report_database_win.cc(469)] failed to stat report
[1002/155527.702:ERROR:crash_report_database_win.cc(469)] failed to stat report
[1002/155527.702:ERROR:crash_report_database_win.cc(469)] failed to stat report
[1002/155527.702:ERROR:crash_report_database_win.cc(469)] failed to stat report
[1002/155527.702:ERROR:crash_report_database_win.cc(469)] failed to stat report
[1002/155527.702:ERROR:crash_report_database_win.cc(469)] failed to stat report
[1002/155527.702:ERROR:crash_report_database_win.cc(469)] failed to stat report
[1002/163521.142:ERROR:crash_report_database_win.cc(469)] failed to stat report
[1002/163521.143:ERROR:crash_report_database_win.cc(469)] failed to stat report
[1002/163521.143:ERROR:crash_report_database_win.cc(469)] failed to stat report
[1002/163521.143:ERROR:crash_report_database_win.cc(469)] failed to stat report
[1002/163521.143:ERROR:crash_report_database_win.cc(469)] failed to stat report
[1002/163521.143:ERROR:crash_report_database_win.cc(469)] failed to stat report
[1002/163521.143:ERROR:crash_report_database_win.cc(469)] failed to stat report
[1002/163521.143:ERROR:crash_report_database_win.cc(469)] failed to stat report
[1002/163521.143:ERROR:crash_report_database_win.cc(469)] failed to stat report
[1003/101704.998:ERROR:crash_report_database_win.cc(469)] failed to stat report
[1003/101704.998:ERROR:crash_report_database_win.cc(469)] failed to stat report
[1003/101704.998:ERROR:crash_report_database_win.cc(469)] failed to stat report
[1003/101704.998:ERROR:crash_report_database_win.cc(469)] failed to stat report
[1003/101704.998:ERROR:crash_report_database_win.cc(469)] failed to stat report
[1003/101704.998:ERROR:crash_report_database_win.cc(469)] failed to stat report
[1003/101704.998:ERROR:crash_report_database_win.cc(469)] failed to stat report
[1003/101704.998:ERROR:crash_report_database_win.cc(469)] failed to stat report
[1003/101704.998:ERROR:crash_report_database_win.cc(469)] failed to stat report
[1003/102311.251:ERROR:crash_report_database_win.cc(469)] failed to stat report
[1003/102311.252:ERROR:crash_report_database_win.cc(469)] failed to stat report
[1003/102311.252:ERROR:crash_report_database_win.cc(469)] failed to stat report
[1003/102311.252:ERROR:crash_report_database_win.cc(469)] failed to stat report
[1003/102311.252:ERROR:crash_report_database_win.cc(469)] failed to stat report
[1003/102311.252:ERROR:crash_report_database_win.cc(469)] failed to stat report
[1003/102311.252:ERROR:crash_report_database_win.cc(469)] failed to stat report
[1003/102311.252:ERROR:crash_report_database_win.cc(469)] failed to stat report
[1003/102311.252:ERROR:crash_report_database_win.cc(469)] failed to stat report
[1003/102623.495:ERROR:crash_report_database_win.cc(469)] failed to stat report
[1003/102623.496:ERROR:crash_report_database_win.cc(469)] failed to stat report
[1003/102623.496:ERROR:crash_report_database_win.cc(469)] failed to stat report
[1003/102623.496:ERROR:crash_report_database_win.cc(469)] failed to stat report
[1003/102623.496:ERROR:crash_report_database_win.cc(469)] failed to stat report
[1003/102623.496:ERROR:crash_report_database_win.cc(469)] failed to stat report
[1003/102623.496:ERROR:crash_report_database_win.cc(469)] failed to stat report
[1003/102623.496:ERROR:crash_report_database_win.cc(469)] failed to stat report
[1003/102623.496:ERROR:crash_report_database_win.cc(469)] failed to stat report
[1003/102750.564:ERROR:crash_report_database_win.cc(469)] failed to stat report
[1003/102750.565:ERROR:crash_report_database_win.cc(469)] failed to stat report
[1003/102750.565:ERROR:crash_report_database_win.cc(469)] failed to stat report
[1003/102750.566:ERROR:crash_report_database_win.cc(469)] failed to stat report
[1003/102750.566:ERROR:crash_report_database_win.cc(469)] failed to stat report
[1003/102750.566:ERROR:crash_report_database_win.cc(469)] failed to stat report
[1003/102750.566:ERROR:crash_report_database_win.cc(469)] failed to stat report
[1003/102750.566:ERROR:crash_report_database_win.cc(469)] failed to stat report
[1003/102750.566:ERROR:crash_report_database_win.cc(469)] failed to stat report
[1003/140044.766:ERROR:crash_report_database_win.cc(469)] failed to stat report
[1003/140044.767:ERROR:crash_report_database_win.cc(469)] failed to stat report
[1003/140044.767:ERROR:crash_report_database_win.cc(469)] failed to stat report
[1003/140044.767:ERROR:crash_report_database_win.cc(469)] failed to stat report
[1003/140044.767:ERROR:crash_report_database_win.cc(469)] failed to stat report
[1003/140044.767:ERROR:crash_report_database_win.cc(469)] failed to stat report
[1003/140044.767:ERROR:crash_report_database_win.cc(469)] failed to stat report
[1003/140044.767:ERROR:crash_report_database_win.cc(469)] failed to stat report
[1003/140044.767:ERROR:crash_report_database_win.cc(469)] failed to stat report
[1003/140350.953:ERROR:crash_report_database_win.cc(469)] failed to stat report
[1003/140350.953:ERROR:crash_report_database_win.cc(469)] failed to stat report
[1003/140350.953:ERROR:crash_report_database_win.cc(469)] failed to stat report
[1003/140350.953:ERROR:crash_report_database_win.cc(469)] failed to stat report
[1003/140350.953:ERROR:crash_report_database_win.cc(469)] failed to stat report
[1003/140350.953:ERROR:crash_report_database_win.cc(469)] failed to stat report
[1003/140350.953:ERROR:crash_report_database_win.cc(469)] failed to stat report
[1003/140350.953:ERROR:crash_report_database_win.cc(469)] failed to stat report
[1003/140350.953:ERROR:crash_report_database_win.cc(469)] failed to stat report
[1003/140519.414:ERROR:crash_report_database_win.cc(469)] failed to stat report
[1003/140519.414:ERROR:crash_report_database_win.cc(469)] failed to stat report
[1003/140519.414:ERROR:crash_report_database_win.cc(469)] failed to stat report
[1003/140519.414:ERROR:crash_report_database_win.cc(469)] failed to stat report
[1003/140519.414:ERROR:crash_report_database_win.cc(469)] failed to stat report
[1003/140519.414:ERROR:crash_report_database_win.cc(469)] failed to stat report
[1003/140519.414:ERROR:crash_report_database_win.cc(469)] failed to stat report
[1003/140519.414:ERROR:crash_report_database_win.cc(469)] failed to stat report
[1003/140519.414:ERROR:crash_report_database_win.cc(469)] failed to stat report
[1003/153731.114:ERROR:crash_report_database_win.cc(469)] failed to stat report
[1003/153731.114:ERROR:crash_report_database_win.cc(469)] failed to stat report
[1003/153731.114:ERROR:crash_report_database_win.cc(469)] failed to stat report
[1003/153731.114:ERROR:crash_report_database_win.cc(469)] failed to stat report
[1003/153731.114:ERROR:crash_report_database_win.cc(469)] failed to stat report
[1003/153731.114:ERROR:crash_report_database_win.cc(469)] failed to stat report
[1003/153731.114:ERROR:crash_report_database_win.cc(469)] failed to stat report
[1003/153731.114:ERROR:crash_report_database_win.cc(469)] failed to stat report
[1003/153731.114:ERROR:crash_report_database_win.cc(469)] failed to stat report
[1003/162518.698:ERROR:crash_report_database_win.cc(469)] failed to stat report
[1003/162518.698:ERROR:crash_report_database_win.cc(469)] failed to stat report
[1003/162518.698:ERROR:crash_report_database_win.cc(469)] failed to stat report
[1003/162518.698:ERROR:crash_report_database_win.cc(469)] failed to stat report
[1003/162518.698:ERROR:crash_report_database_win.cc(469)] failed to stat report
[1003/162518.698:ERROR:crash_report_database_win.cc(469)] failed to stat report
[1003/162518.698:ERROR:crash_report_database_win.cc(469)] failed to stat report
[1003/162518.698:ERROR:crash_report_database_win.cc(469)] failed to stat report
[1003/162518.698:ERROR:crash_report_database_win.cc(469)] failed to stat report
[1003/163518.700:ERROR:crash_report_database_win.cc(469)] failed to stat report
[1003/163518.700:ERROR:crash_report_database_win.cc(469)] failed to stat report
[1003/163518.700:ERROR:crash_report_database_win.cc(469)] failed to stat report
[1003/163518.700:ERROR:crash_report_database_win.cc(469)] failed to stat report
[1003/163518.700:ERROR:crash_report_database_win.cc(469)] failed to stat report
[1003/163518.700:ERROR:crash_report_database_win.cc(469)] failed to stat report
[1003/163518.701:ERROR:crash_report_database_win.cc(469)] failed to stat report
[1003/163518.701:ERROR:crash_report_database_win.cc(469)] failed to stat report
[1003/163518.701:ERROR:crash_report_database_win.cc(469)] failed to stat report
[1003/163518.701:ERROR:crash_report_database_win.cc(469)] failed to stat report
[1003/163518.701:ERROR:crash_report_database_win.cc(469)] failed to stat report
[1003/163518.701:ERROR:crash_report_database_win.cc(469)] failed to stat report
[1003/163518.701:ERROR:crash_report_database_win.cc(469)] failed to stat report
[1003/163518.701:ERROR:crash_report_database_win.cc(469)] failed to stat report
[1003/163518.701:ERROR:crash_report_database_win.cc(469)] failed to stat report
[1003/163518.701:ERROR:crash_report_database_win.cc(469)] failed to stat report
[1003/163518.701:ERROR:crash_report_database_win.cc(469)] failed to stat report
[1003/163518.701:ERROR:crash_report_database_win.cc(469)] failed to stat report
[1003/164018.701:ERROR:crash_report_database_win.cc(469)] failed to stat report
[1003/164018.702:ERROR:crash_report_database_win.cc(469)] failed to stat report
[1003/164018.702:ERROR:crash_report_database_win.cc(469)] failed to stat report
[1003/164018.702:ERROR:crash_report_database_win.cc(469)] failed to stat report
[1003/164018.702:ERROR:crash_report_database_win.cc(469)] failed to stat report
[1003/164018.702:ERROR:crash_report_database_win.cc(469)] failed to stat report
[1003/164018.702:ERROR:crash_report_database_win.cc(469)] failed to stat report
[1003/164018.702:ERROR:crash_report_database_win.cc(469)] failed to stat report
[1003/164018.702:ERROR:crash_report_database_win.cc(469)] failed to stat report
[1003/164902.708:ERROR:crash_report_database_win.cc(469)] failed to stat report
[1003/164902.709:ERROR:crash_report_database_win.cc(469)] failed to stat report
[1003/164902.709:ERROR:crash_report_database_win.cc(469)] failed to stat report
[1003/164902.709:ERROR:crash_report_database_win.cc(469)] failed to stat report
[1003/164902.709:ERROR:crash_report_database_win.cc(469)] failed to stat report
[1003/164902.709:ERROR:crash_report_database_win.cc(469)] failed to stat report
[1003/164902.709:ERROR:crash_report_database_win.cc(469)] failed to stat report
[1003/164902.709:ERROR:crash_report_database_win.cc(469)] failed to stat report
[1003/164902.709:ERROR:crash_report_database_win.cc(469)] failed to stat report
[1003/165518.703:ERROR:crash_report_database_win.cc(469)] failed to stat report
[1003/165518.703:ERROR:crash_report_database_win.cc(469)] failed to stat report
[1003/165518.703:ERROR:crash_report_database_win.cc(469)] failed to stat report
[1003/165518.703:ERROR:crash_report_database_win.cc(469)] failed to stat report
[1003/165518.703:ERROR:crash_report_database_win.cc(469)] failed to stat report
[1003/165518.703:ERROR:crash_report_database_win.cc(469)] failed to stat report
[1003/165518.703:ERROR:crash_report_database_win.cc(469)] failed to stat report
[1003/165518.703:ERROR:crash_report_database_win.cc(469)] failed to stat report
[1003/165518.703:ERROR:crash_report_database_win.cc(469)] failed to stat report
[1004/140144.430:ERROR:crash_report_database_win.cc(469)] failed to stat report
[1004/140144.431:ERROR:crash_report_database_win.cc(469)] failed to stat report
[1004/140144.431:ERROR:crash_report_database_win.cc(469)] failed to stat report
[1004/140144.431:ERROR:crash_report_database_win.cc(469)] failed to stat report
[1004/140144.431:ERROR:crash_report_database_win.cc(469)] failed to stat report
[1004/140144.431:ERROR:crash_report_database_win.cc(469)] failed to stat report
[1004/140144.431:ERROR:crash_report_database_win.cc(469)] failed to stat report
[1004/140144.431:ERROR:crash_report_database_win.cc(469)] failed to stat report
[1004/140144.431:ERROR:crash_report_database_win.cc(469)] failed to stat report
[1004/141103.640:ERROR:crash_report_database_win.cc(469)] failed to stat report
[1004/141103.642:ERROR:crash_report_database_win.cc(469)] failed to stat report
[1004/141103.642:ERROR:crash_report_database_win.cc(469)] failed to stat report
[1004/141103.642:ERROR:crash_report_database_win.cc(469)] failed to stat report
[1004/141103.642:ERROR:crash_report_database_win.cc(469)] failed to stat report
[1004/141103.642:ERROR:crash_report_database_win.cc(469)] failed to stat report
[1004/141103.642:ERROR:crash_report_database_win.cc(469)] failed to stat report
[1004/141103.642:ERROR:crash_report_database_win.cc(469)] failed to stat report
[1004/141103.642:ERROR:crash_report_database_win.cc(469)] failed to stat report
[1004/141540.639:ERROR:crash_report_database_win.cc(469)] failed to stat report
[1004/141540.640:ERROR:crash_report_database_win.cc(469)] failed to stat report
[1004/141540.640:ERROR:crash_report_database_win.cc(469)] failed to stat report
[1004/141540.640:ERROR:crash_report_database_win.cc(469)] failed to stat report
[1004/141540.640:ERROR:crash_report_database_win.cc(469)] failed to stat report
[1004/141540.640:ERROR:crash_report_database_win.cc(469)] failed to stat report
[1004/141540.640:ERROR:crash_report_database_win.cc(469)] failed to stat report
[1004/141540.640:ERROR:crash_report_database_win.cc(469)] failed to stat report
[1004/141540.640:ERROR:crash_report_database_win.cc(469)] failed to stat report
[1004/141640.724:ERROR:crash_report_database_win.cc(469)] failed to stat report
[1004/141640.724:ERROR:crash_report_database_win.cc(469)] failed to stat report
[1004/141640.724:ERROR:crash_report_database_win.cc(469)] failed to stat report
[1004/141640.724:ERROR:crash_report_database_win.cc(469)] failed to stat report
[1004/141640.724:ERROR:crash_report_database_win.cc(469)] failed to stat report
[1004/141640.724:ERROR:crash_report_database_win.cc(469)] failed to stat report
[1004/141640.724:ERROR:crash_report_database_win.cc(469)] failed to stat report
[1004/141640.724:ERROR:crash_report_database_win.cc(469)] failed to stat report
[1004/141640.724:ERROR:crash_report_database_win.cc(469)] failed to stat report
[1004/141857.827:ERROR:crash_report_database_win.cc(469)] failed to stat report
[1004/141857.827:ERROR:crash_report_database_win.cc(469)] failed to stat report
[1004/141857.827:ERROR:crash_report_database_win.cc(469)] failed to stat report
[1004/141857.827:ERROR:crash_report_database_win.cc(469)] failed to stat report
[1004/141857.827:ERROR:crash_report_database_win.cc(469)] failed to stat report
[1004/141857.827:ERROR:crash_report_database_win.cc(469)] failed to stat report
[1004/141857.827:ERROR:crash_report_database_win.cc(469)] failed to stat report
[1004/141857.827:ERROR:crash_report_database_win.cc(469)] failed to stat report
[1004/141857.827:ERROR:crash_report_database_win.cc(469)] failed to stat report
[1004/142050.316:ERROR:crash_report_database_win.cc(469)] failed to stat report
[1004/142050.316:ERROR:crash_report_database_win.cc(469)] failed to stat report
[1004/142050.316:ERROR:crash_report_database_win.cc(469)] failed to stat report
[1004/142050.316:ERROR:crash_report_database_win.cc(469)] failed to stat report
[1004/142050.316:ERROR:crash_report_database_win.cc(469)] failed to stat report
[1004/142050.316:ERROR:crash_report_database_win.cc(469)] failed to stat report
[1004/142050.316:ERROR:crash_report_database_win.cc(469)] failed to stat report
[1004/142050.316:ERROR:crash_report_database_win.cc(469)] failed to stat report
[1004/142050.316:ERROR:crash_report_database_win.cc(469)] failed to stat report
[1004/142525.707:ERROR:crash_report_database_win.cc(469)] failed to stat report
[1004/142525.708:ERROR:crash_report_database_win.cc(469)] failed to stat report
[1004/142525.708:ERROR:crash_report_database_win.cc(469)] failed to stat report
[1004/142525.708:ERROR:crash_report_database_win.cc(469)] failed to stat report
[1004/142525.708:ERROR:crash_report_database_win.cc(469)] failed to stat report
[1004/142525.708:ERROR:crash_report_database_win.cc(469)] failed to stat report
[1004/142525.708:ERROR:crash_report_database_win.cc(469)] failed to stat report
[1004/142525.708:ERROR:crash_report_database_win.cc(469)] failed to stat report
[1004/142525.708:ERROR:crash_report_database_win.cc(469)] failed to stat report
[1004/144225.890:ERROR:crash_report_database_win.cc(469)] failed to stat report
[1004/144225.890:ERROR:crash_report_database_win.cc(469)] failed to stat report
[1004/144225.890:ERROR:crash_report_database_win.cc(469)] failed to stat report
[1004/144225.890:ERROR:crash_report_database_win.cc(469)] failed to stat report
[1004/144225.890:ERROR:crash_report_database_win.cc(469)] failed to stat report
[1004/144225.891:ERROR:crash_report_database_win.cc(469)] failed to stat report
[1004/144225.891:ERROR:crash_report_database_win.cc(469)] failed to stat report
[1004/144225.891:ERROR:crash_report_database_win.cc(469)] failed to stat report
[1004/144225.891:ERROR:crash_report_database_win.cc(469)] failed to stat report
[1004/145616.166:ERROR:crash_report_database_win.cc(469)] failed to stat report
[1004/145616.166:ERROR:crash_report_database_win.cc(469)] failed to stat report
[1004/145616.166:ERROR:crash_report_database_win.cc(469)] failed to stat report
[1004/145616.166:ERROR:crash_report_database_win.cc(469)] failed to stat report
[1004/145616.166:ERROR:crash_report_database_win.cc(469)] failed to stat report
[1004/145616.166:ERROR:crash_report_database_win.cc(469)] failed to stat report
[1004/145616.166:ERROR:crash_report_database_win.cc(469)] failed to stat report
[1004/145616.166:ERROR:crash_report_database_win.cc(469)] failed to stat report
[1004/145616.166:ERROR:crash_report_database_win.cc(469)] failed to stat report
[1004/151428.106:ERROR:crash_report_database_win.cc(469)] failed to stat report
[1004/151428.106:ERROR:crash_report_database_win.cc(469)] failed to stat report
[1004/151428.106:ERROR:crash_report_database_win.cc(469)] failed to stat report
[1004/151428.106:ERROR:crash_report_database_win.cc(469)] failed to stat report
[1004/151428.106:ERROR:crash_report_database_win.cc(469)] failed to stat report
[1004/151428.106:ERROR:crash_report_database_win.cc(469)] failed to stat report
[1004/151428.106:ERROR:crash_report_database_win.cc(469)] failed to stat report
[1004/151428.106:ERROR:crash_report_database_win.cc(469)] failed to stat report
[1004/151428.106:ERROR:crash_report_database_win.cc(469)] failed to stat report
[1004/162149.157:ERROR:crash_report_database_win.cc(469)] failed to stat report
[1004/162149.158:ERROR:crash_report_database_win.cc(469)] failed to stat report
[1004/162149.158:ERROR:crash_report_database_win.cc(469)] failed to stat report
[1004/162149.158:ERROR:crash_report_database_win.cc(469)] failed to stat report
[1004/162149.158:ERROR:crash_report_database_win.cc(469)] failed to stat report
[1004/162149.158:ERROR:crash_report_database_win.cc(469)] failed to stat report
[1004/162149.158:ERROR:crash_report_database_win.cc(469)] failed to stat report
[1004/162149.158:ERROR:crash_report_database_win.cc(469)] failed to stat report
[1004/162149.158:ERROR:crash_report_database_win.cc(469)] failed to stat report
[1004/162519.952:ERROR:crash_report_database_win.cc(469)] failed to stat report
[1004/162519.952:ERROR:crash_report_database_win.cc(469)] failed to stat report
[1004/162519.952:ERROR:crash_report_database_win.cc(469)] failed to stat report
[1004/162519.952:ERROR:crash_report_database_win.cc(469)] failed to stat report
[1004/162519.952:ERROR:crash_report_database_win.cc(469)] failed to stat report
[1004/162519.952:ERROR:crash_report_database_win.cc(469)] failed to stat report
[1004/162519.952:ERROR:crash_report_database_win.cc(469)] failed to stat report
[1004/162519.952:ERROR:crash_report_database_win.cc(469)] failed to stat report
[1004/162519.952:ERROR:crash_report_database_win.cc(469)] failed to stat report
[1004/162707.102:ERROR:crash_report_database_win.cc(469)] failed to stat report
[1004/162707.102:ERROR:crash_report_database_win.cc(469)] failed to stat report
[1004/162707.102:ERROR:crash_report_database_win.cc(469)] failed to stat report
[1004/162707.102:ERROR:crash_report_database_win.cc(469)] failed to stat report
[1004/162707.102:ERROR:crash_report_database_win.cc(469)] failed to stat report
[1004/162707.102:ERROR:crash_report_database_win.cc(469)] failed to stat report
[1004/162707.102:ERROR:crash_report_database_win.cc(469)] failed to stat report
[1004/162707.103:ERROR:crash_report_database_win.cc(469)] failed to stat report
[1004/162707.103:ERROR:crash_report_database_win.cc(469)] failed to stat report
[1004/163018.853:ERROR:crash_report_database_win.cc(469)] failed to stat report
[1004/163018.854:ERROR:crash_report_database_win.cc(469)] failed to stat report
[1004/163018.854:ERROR:crash_report_database_win.cc(469)] failed to stat report
[1004/163018.854:ERROR:crash_report_database_win.cc(469)] failed to stat report
[1004/163018.854:ERROR:crash_report_database_win.cc(469)] failed to stat report
[1004/163018.854:ERROR:crash_report_database_win.cc(469)] failed to stat report
[1004/163018.854:ERROR:crash_report_database_win.cc(469)] failed to stat report
[1004/163018.854:ERROR:crash_report_database_win.cc(469)] failed to stat report
[1004/163018.854:ERROR:crash_report_database_win.cc(469)] failed to stat report
[1004/163149.157:ERROR:crash_report_database_win.cc(469)] failed to stat report
[1004/163149.157:ERROR:crash_report_database_win.cc(469)] failed to stat report
[1004/163149.157:ERROR:crash_report_database_win.cc(469)] failed to stat report
[1004/163149.157:ERROR:crash_report_database_win.cc(469)] failed to stat report
[1004/163149.158:ERROR:crash_report_database_win.cc(469)] failed to stat report
[1004/163149.158:ERROR:crash_report_database_win.cc(469)] failed to stat report
[1004/163149.158:ERROR:crash_report_database_win.cc(469)] failed to stat report
[1004/163149.158:ERROR:crash_report_database_win.cc(469)] failed to stat report
[1004/163149.158:ERROR:crash_report_database_win.cc(469)] failed to stat report
[1004/163149.159:ERROR:crash_report_database_win.cc(469)] failed to stat report
[1004/163149.159:ERROR:crash_report_database_win.cc(469)] failed to stat report
[1004/163149.159:ERROR:crash_report_database_win.cc(469)] failed to stat report
[1004/163149.159:ERROR:crash_report_database_win.cc(469)] failed to stat report
[1004/163149.159:ERROR:crash_report_database_win.cc(469)] failed to stat report
[1004/163149.159:ERROR:crash_report_database_win.cc(469)] failed to stat report
[1004/163149.159:ERROR:crash_report_database_win.cc(469)] failed to stat report
[1004/163149.159:ERROR:crash_report_database_win.cc(469)] failed to stat report
[1004/163149.159:ERROR:crash_report_database_win.cc(469)] failed to stat report
[1004/163237.741:ERROR:crash_report_database_win.cc(469)] failed to stat report
[1004/163237.742:ERROR:crash_report_database_win.cc(469)] failed to stat report
[1004/163237.742:ERROR:crash_report_database_win.cc(469)] failed to stat report
[1004/163237.742:ERROR:crash_report_database_win.cc(469)] failed to stat report
[1004/163237.742:ERROR:crash_report_database_win.cc(469)] failed to stat report
[1004/163237.742:ERROR:crash_report_database_win.cc(469)] failed to stat report
[1004/163237.742:ERROR:crash_report_database_win.cc(469)] failed to stat report
[1004/163237.742:ERROR:crash_report_database_win.cc(469)] failed to stat report
[1004/163237.742:ERROR:crash_report_database_win.cc(469)] failed to stat report
[1004/163513.223:ERROR:crash_report_database_win.cc(469)] failed to stat report
[1004/163513.223:ERROR:crash_report_database_win.cc(469)] failed to stat report
[1004/163513.223:ERROR:crash_report_database_win.cc(469)] failed to stat report
[1004/163513.223:ERROR:crash_report_database_win.cc(469)] failed to stat report
[1004/163513.223:ERROR:crash_report_database_win.cc(469)] failed to stat report
[1004/163513.223:ERROR:crash_report_database_win.cc(469)] failed to stat report
[1004/163513.224:ERROR:crash_report_database_win.cc(469)] failed to stat report
[1004/163513.224:ERROR:crash_report_database_win.cc(469)] failed to stat report
[1004/163513.224:ERROR:crash_report_database_win.cc(469)] failed to stat report
[1004/163649.159:ERROR:crash_report_database_win.cc(469)] failed to stat report
[1004/163649.159:ERROR:crash_report_database_win.cc(469)] failed to stat report
[1004/163649.160:ERROR:crash_report_database_win.cc(469)] failed to stat report
[1004/163649.160:ERROR:crash_report_database_win.cc(469)] failed to stat report
[1004/163649.160:ERROR:crash_report_database_win.cc(469)] failed to stat report
[1004/163649.160:ERROR:crash_report_database_win.cc(469)] failed to stat report
[1004/163649.160:ERROR:crash_report_database_win.cc(469)] failed to stat report
[1004/163649.160:ERROR:crash_report_database_win.cc(469)] failed to stat report
[1004/163649.160:ERROR:crash_report_database_win.cc(469)] failed to stat report
[1004/163827.858:ERROR:process_memory_win.cc(73)] ReadMemory at 0x7ff70aa50000 of 64 bytes failed: Seule une partie d’une requête ReadProcessMemory ou WriteProcessMemory a été effectuée. (0x12B)
[1004/163827.859:WARNING:pe_image_reader.cc(340)] could not read dos header from C:\Program Files (x86)\Google\Chrome\Application\chrome.exe
[1004/163827.859:ERROR:process_memory_win.cc(73)] ReadMemory at 0x7ff9a9520000 of 64 bytes failed: Seule une partie d’une requête ReadProcessMemory ou WriteProcessMemory a été effectuée. (0x12B)
[1004/163827.859:WARNING:pe_image_reader.cc(340)] could not read dos header from C:\WINDOWS\SYSTEM32\ntdll.dll
[1004/163827.859:ERROR:process_memory_win.cc(73)] ReadMemory at 0x7ff9a7130000 of 64 bytes failed: Seule une partie d’une requête ReadProcessMemory ou WriteProcessMemory a été effectuée. (0x12B)
[1004/163827.859:WARNING:pe_image_reader.cc(340)] could not read dos header from C:\WINDOWS\System32\KERNEL32.DLL
[1004/163827.859:ERROR:process_memory_win.cc(73)] ReadMemory at 0x7ff9a60a0000 of 64 bytes failed: Seule une partie d’une requête ReadProcessMemory ou WriteProcessMemory a été effectuée. (0x12B)
[1004/163827.859:WARNING:pe_image_reader.cc(340)] could not read dos header from C:\WINDOWS\System32\KERNELBASE.dll
[1004/163827.860:ERROR:process_memory_win.cc(73)] ReadMemory at 0x7ff98d0b0000 of 64 bytes failed: Seule une partie d’une requête ReadProcessMemory ou WriteProcessMemory a été effectuée. (0x12B)
[1004/163827.860:WARNING:pe_image_reader.cc(340)] could not read dos header from C:\Program Files (x86)\Google\Chrome\Application\77.0.3865.90\chrome_elf.dll
[1004/163827.860:ERROR:process_memory_win.cc(73)] ReadMemory at 0x7ff9a1110000 of 64 bytes failed: Seule une partie d’une requête ReadProcessMemory ou WriteProcessMemory a été effectuée. (0x12B)
[1004/163827.860:WARNING:pe_image_reader.cc(340)] could not read dos header from C:\WINDOWS\SYSTEM32\VERSION.dll
[1004/163827.860:ERROR:process_memory_win.cc(73)] ReadMemory at 0x7ff9a8c60000 of 64 bytes failed: Seule une partie d’une requête ReadProcessMemory ou WriteProcessMemory a été effectuée. (0x12B)
[1004/163827.860:WARNING:pe_image_reader.cc(340)] could not read dos header from C:\WINDOWS\System32\msvcrt.dll
[1004/163827.860:ERROR:process_memory_win.cc(73)] ReadMemory at 0x7ff9a6340000 of 64 bytes failed: Seule une partie d’une requête ReadProcessMemory ou WriteProcessMemory a été effectuée. (0x12B)
[1004/163827.860:WARNING:pe_image_reader.cc(340)] could not read dos header from C:\WINDOWS\System32\bcryptPrimitives.dll
[1004/163827.860:ERROR:process_memory_win.cc(73)] ReadMemory at 0x7ff9a6a40000 of 64 bytes failed: Seule une partie d’une requête ReadProcessMemory ou WriteProcessMemory a été effectuée. (0x12B)
[1004/163827.860:WARNING:pe_image_reader.cc(340)] could not read dos header from C:\WINDOWS\System32\ADVAPI32.dll
[1004/163827.860:ERROR:process_memory_win.cc(73)] ReadMemory at 0x7ff9a8f50000 of 64 bytes failed: Seule une partie d’une requête ReadProcessMemory ou WriteProcessMemory a été effectuée. (0x12B)
[1004/163827.860:WARNING:pe_image_reader.cc(340)] could not read dos header from C:\WINDOWS\System32\sechost.dll
[1004/163827.860:ERROR:process_memory_win.cc(73)] ReadMemory at 0x7ff9a9300000 of 64 bytes failed: Seule une partie d’une requête ReadProcessMemory ou WriteProcessMemory a été effectuée. (0x12B)
[1004/163827.860:WARNING:pe_image_reader.cc(340)] could not read dos header from C:\WINDOWS\System32\RPCRT4.dll
[1004/163827.860:ERROR:process_memory_win.cc(73)] ReadMemory at 0x7ff948b50000 of 64 bytes failed: Seule une partie d’une requête ReadProcessMemory ou WriteProcessMemory a été effectuée. (0x12B)
[1004/163827.860:WARNING:pe_image_reader.cc(340)] could not read dos header from C:\Program Files (x86)\Google\Chrome\Application\77.0.3865.90\chrome_child.dll
[1004/163827.860:ERROR:process_memory_win.cc(73)] ReadMemory at 0x7ff9a9000000 of 64 bytes failed: Seule une partie d’une requête ReadProcessMemory ou WriteProcessMemory a été effectuée. (0x12B)
[1004/163827.860:WARNING:pe_image_reader.cc(340)] could not read dos header from C:\WINDOWS\System32\OLEAUT32.dll
[1004/163827.860:ERROR:process_memory_win.cc(73)] ReadMemory at 0x7ff9a55e0000 of 64 bytes failed: Seule une partie d’une requête ReadProcessMemory ou WriteProcessMemory a été effectuée. (0x12B)
[1004/163827.860:WARNING:pe_image_reader.cc(340)] could not read dos header from C:\WINDOWS\System32\msvcp_win.dll
[1004/163827.860:ERROR:process_memory_win.cc(73)] ReadMemory at 0x7ff9a5df0000 of 64 bytes failed: Seule une partie d’une requête ReadProcessMemory ou WriteProcessMemory a été effectuée. (0x12B)
[1004/163827.860:WARNING:pe_image_reader.cc(340)] could not read dos header from C:\WINDOWS\System32\ucrtbase.dll
[1004/163827.860:ERROR:process_memory_win.cc(73)] ReadMemory at 0x1446e400000 of 64 bytes failed: Seule une partie d’une requête ReadProcessMemory ou WriteProcessMemory a été effectuée. (0x12B)
[1004/163827.860:WARNING:pe_image_reader.cc(340)] could not read dos header from C:\WINDOWS\System32\combase.dll
[1004/163827.860:ERROR:process_memory_win.cc(73)] ReadMemory at 0x7ff9a7530000 of 64 bytes failed: Seule une partie d’une requête ReadProcessMemory ou WriteProcessMemory a été effectuée. (0x12B)
[1004/163827.860:WARNING:pe_image_reader.cc(340)] could not read dos header from C:\WINDOWS\System32\WS2_32.dll
[1004/163827.860:ERROR:process_memory_win.cc(73)] ReadMemory at 0x7ff9a67f0000 of 64 bytes failed: Seule une partie d’une requête ReadProcessMemory ou WriteProcessMemory a été effectuée. (0x12B)
[1004/163827.860:WARNING:pe_image_reader.cc(340)] could not read dos header from C:\WINDOWS\System32\GDI32.dll
[1004/163827.860:ERROR:process_memory_win.cc(73)] ReadMemory at 0x7ff9a63c0000 of 64 bytes failed: Seule une partie d’une requête ReadProcessMemory ou WriteProcessMemory a été effectuée. (0x12B)
[1004/163827.860:WARNING:pe_image_reader.cc(340)] could not read dos header from C:\WINDOWS\System32\gdi32full.dll
[1004/163827.860:ERROR:process_memory_win.cc(73)] ReadMemory at 0x7ff9a8d00000 of 64 bytes failed: Seule une partie d’une requête ReadProcessMemory ou WriteProcessMemory a été effectuée. (0x12B)
[1004/163827.860:WARNING:pe_image_reader.cc(340)] could not read dos header from C:\WINDOWS\System32\USER32.dll
[1004/163827.860:ERROR:process_memory_win.cc(73)] ReadMemory at 0x7ff9a6000000 of 64 bytes failed: Seule une partie d’une requête ReadProcessMemory ou WriteProcessMemory a été effectuée. (0x12B)
[1004/163827.860:WARNING:pe_image_reader.cc(340)] could not read dos header from C:\WINDOWS\System32\win32u.dll
[1004/163827.860:ERROR:process_memory_win.cc(73)] ReadMemory at 0x7ff9a5ef0000 of 64 bytes failed: Seule une partie d’une requête ReadProcessMemory ou WriteProcessMemory a été effectuée. (0x12B)
[1004/163827.860:WARNING:pe_image_reader.cc(340)] could not read dos header from C:\WINDOWS\System32\WINTRUST.dll
[1004/163827.861:ERROR:process_memory_win.cc(73)] ReadMemory at 0x7ff9a5510000 of 64 bytes failed: Seule une partie d’une requête ReadProcessMemory ou WriteProcessMemory a été effectuée. (0x12B)
[1004/163827.861:WARNING:pe_image_reader.cc(340)] could not read dos header from C:\WINDOWS\System32\MSASN1.dll
[1004/163827.861:ERROR:process_memory_win.cc(73)] ReadMemory at 0x7ff9a6560000 of 64 bytes failed: Seule une partie d’une requête ReadProcessMemory ou WriteProcessMemory a été effectuée. (0x12B)
[1004/163827.861:WARNING:pe_image_reader.cc(340)] could not read dos header from C:\WINDOWS\System32\CRYPT32.dll
[1004/163827.861:ERROR:process_memory_win.cc(73)] ReadMemory at 0x7ff9a4aa0000 of 64 bytes failed: Seule une partie d’une requête ReadProcessMemory ou WriteProcessMemory a été effectuée. (0x12B)
[1004/163827.861:WARNING:pe_image_reader.cc(340)] could not read dos header from C:\WINDOWS\SYSTEM32\IPHLPAPI.DLL
[1004/163827.861:ERROR:process_memory_win.cc(73)] ReadMemory at 0x7ff99c200000 of 64 bytes failed: Seule une partie d’une requête ReadProcessMemory ou WriteProcessMemory a été effectuée. (0x12B)
[1004/163827.861:WARNING:pe_image_reader.cc(340)] could not read dos header from C:\WINDOWS\SYSTEM32\WINMM.dll
[1004/163827.861:ERROR:process_memory_win.cc(73)] ReadMemory at 0x7ff9a5410000 of 64 bytes failed: Seule une partie d’une requête ReadProcessMemory ou WriteProcessMemory a été effectuée. (0x12B)
[1004/163827.861:WARNING:pe_image_reader.cc(340)] could not read dos header from C:\WINDOWS\SYSTEM32\USERENV.dll
[1004/163827.861:ERROR:process_memory_win.cc(73)] ReadMemory at 0x7ff9a5590000 of 64 bytes failed: Seule une partie d’une requête ReadProcessMemory ou WriteProcessMemory a été effectuée. (0x12B)
[1004/163827.861:WARNING:pe_image_reader.cc(340)] could not read dos header from C:\WINDOWS\System32\profapi.dll
[1004/163827.861:ERROR:process_memory_win.cc(73)] ReadMemory at 0x7ff993dd0000 of 64 bytes failed: Seule une partie d’une requête ReadProcessMemory ou WriteProcessMemory a été effectuée. (0x12B)
[1004/163827.861:WARNING:pe_image_reader.cc(340)] could not read dos header from C:\WINDOWS\SYSTEM32\DWrite.dll
[1004/163827.861:ERROR:process_memory_win.cc(73)] ReadMemory at 0x7ff98b9c0000 of 64 bytes failed: Seule une partie d’une requête ReadProcessMemory ou WriteProcessMemory a été effectuée. (0x12B)
[1004/163827.861:WARNING:pe_image_reader.cc(340)] could not read dos header from C:\WINDOWS\SYSTEM32\WINSPOOL.DRV
[1004/163827.861:ERROR:process_memory_win.cc(73)] ReadMemory at 0x7ff9a55c0000 of 64 bytes failed: Seule une partie d’une requête ReadProcessMemory ou WriteProcessMemory a été effectuée. (0x12B)
[1004/163827.861:WARNING:pe_image_reader.cc(340)] could not read dos header from C:\WINDOWS\System32\kernel.appcore.dll
[1004/163827.861:ERROR:process_memory_win.cc(73)] ReadMemory at 0x7ff9a6020000 of 64 bytes failed: Seule une partie d’une requête ReadProcessMemory ou WriteProcessMemory a été effectuée. (0x12B)
[1004/163827.861:WARNING:pe_image_reader.cc(340)] could not read dos header from C:\WINDOWS\System32\bcrypt.dll
[1004/163827.861:ERROR:process_memory_win.cc(73)] ReadMemory at 0x7ff99dbd0000 of 64 bytes failed: Seule une partie d’une requête ReadProcessMemory ou WriteProcessMemory a été effectuée. (0x12B)
[1004/163827.861:WARNING:pe_image_reader.cc(340)] could not read dos header from C:\WINDOWS\SYSTEM32\dbghelp.dll
[1004/163827.861:ERROR:process_memory_win.cc(73)] ReadMemory at 0x7ff99e630000 of 64 bytes failed: Seule une partie d’une requête ReadProcessMemory ou WriteProcessMemory a été effectuée. (0x12B)
[1004/163827.861:WARNING:pe_image_reader.cc(340)] could not read dos header from C:\WINDOWS\SYSTEM32\WINHTTP.dll
[1004/163827.861:ERROR:process_memory_win.cc(73)] ReadMemory at 0x7ff993520000 of 64 bytes failed: Seule une partie d’une requête ReadProcessMemory ou WriteProcessMemory a été effectuée. (0x12B)
[1004/163827.861:WARNING:pe_image_reader.cc(340)] could not read dos header from C:\WINDOWS\SYSTEM32\Secur32.dll
[1004/163827.861:ERROR:process_memory_win.cc(73)] ReadMemory at 0x7ff99f610000 of 64 bytes failed: Seule une partie d’une requête ReadProcessMemory ou WriteProcessMemory a été effectuée. (0x12B)
[1004/163827.861:WARNING:pe_image_reader.cc(340)] could not read dos header from C:\WINDOWS\SYSTEM32\dhcpcsvc.DLL
[1004/163827.861:ERROR:process_memory_win.cc(73)] ReadMemory at 0x7ff9a8f40000 of 64 bytes failed: Seule une partie d’une requête ReadProcessMemory ou WriteProcessMemory a été effectuée. (0x12B)
[1004/163827.861:WARNING:pe_image_reader.cc(340)] could not read dos header from C:\WINDOWS\System32\NSI.dll
[1004/163827.861:ERROR:process_memory_win.cc(73)] ReadMemory at 0x7ff99c1d0000 of 64 bytes failed: Seule une partie d’une requête ReadProcessMemory ou WriteProcessMemory a été effectuée. (0x12B)
[1004/163827.861:WARNING:pe_image_reader.cc(340)] could not read dos header from C:\WINDOWS\SYSTEM32\WINMMBASE.dll
[1004/163827.861:ERROR:process_memory_win.cc(73)] ReadMemory at 0x7ff9a6050000 of 64 bytes failed: Seule une partie d’une requête ReadProcessMemory ou WriteProcessMemory a été effectuée. (0x12B)
[1004/163827.861:WARNING:pe_image_reader.cc(340)] could not read dos header from C:\WINDOWS\System32\cfgmgr32.dll
[1004/163827.861:ERROR:process_memory_win.cc(73)] ReadMemory at 0x7ff9a2080000 of 64 bytes failed: Seule une partie d’une requête ReadProcessMemory ou WriteProcessMemory a été effectuée. (0x12B)
[1004/163827.861:WARNING:pe_image_reader.cc(340)] could not read dos header from C:\WINDOWS\SYSTEM32\PROPSYS.dll
[1004/163827.861:ERROR:process_memory_win.cc(73)] ReadMemory at 0x7ff9a6740000 of 64 bytes failed: Seule une partie d’une requête ReadProcessMemory ou WriteProcessMemory a été effectuée. (0x12B)
[1004/163827.861:WARNING:pe_image_reader.cc(340)] could not read dos header from C:\WINDOWS\System32\shcore.dll
[1004/163827.862:ERROR:process_memory_win.cc(73)] ReadMemory at 0x7ff9a5440000 of 64 bytes failed: Seule une partie d’une requête ReadProcessMemory ou WriteProcessMemory a été effectuée. (0x12B)
[1004/163827.862:WARNING:pe_image_reader.cc(340)] could not read dos header from C:\WINDOWS\SYSTEM32\SSPICLI.DLL
[1004/163827.862:ERROR:process_memory_win.cc(73)] ReadMemory at 0x7ff9a8c30000 of 64 bytes failed: Seule une partie d’une requête ReadProcessMemory ou WriteProcessMemory a été effectuée. (0x12B)
[1004/163827.862:WARNING:pe_image_reader.cc(340)] could not read dos header from C:\WINDOWS\System32\IMM32.DLL
[1004/163827.862:ERROR:process_memory_win.cc(73)] ReadMemory at 0x7ff9a4f50000 of 64 bytes failed: Seule une partie d’une requête ReadProcessMemory ou WriteProcessMemory a été effectuée. (0x12B)
[1004/163827.862:WARNING:pe_image_reader.cc(340)] could not read dos header from C:\WINDOWS\SYSTEM32\CRYPTBASE.DLL
[1004/163827.862:ERROR:process_memory_win.cc(73)] ReadMemory at 0x7ff70aa50000 of 64 bytes failed: Seule une partie d’une requête ReadProcessMemory ou WriteProcessMemory a été effectuée. (0x12B)
[1004/163827.862:WARNING:pe_image_reader.cc(340)] could not read dos header from C:\Program Files (x86)\Google\Chrome\Application\chrome.exe
[1004/163827.862:ERROR:process_memory_win.cc(73)] ReadMemory at 0x7ff9a9520000 of 64 bytes failed: Seule une partie d’une requête ReadProcessMemory ou WriteProcessMemory a été effectuée. (0x12B)
[1004/163827.862:WARNING:pe_image_reader.cc(340)] could not read dos header from C:\WINDOWS\SYSTEM32\ntdll.dll
[1004/163827.862:ERROR:process_memory_win.cc(73)] ReadMemory at 0x7ff9a7130000 of 64 bytes failed: Seule une partie d’une requête ReadProcessMemory ou WriteProcessMemory a été effectuée. (0x12B)
[1004/163827.862:WARNING:pe_image_reader.cc(340)] could not read dos header from C:\WINDOWS\System32\KERNEL32.DLL
[1004/163827.862:ERROR:process_memory_win.cc(73)] ReadMemory at 0x7ff9a60a0000 of 64 bytes failed: Seule une partie d’une requête ReadProcessMemory ou WriteProcessMemory a été effectuée. (0x12B)
[1004/163827.862:WARNING:pe_image_reader.cc(340)] could not read dos header from C:\WINDOWS\System32\KERNELBASE.dll
[1004/163827.862:ERROR:process_memory_win.cc(73)] ReadMemory at 0x7ff98d0b0000 of 64 bytes failed: Seule une partie d’une requête ReadProcessMemory ou WriteProcessMemory a été effectuée. (0x12B)
[1004/163827.862:WARNING:pe_image_reader.cc(340)] could not read dos header from C:\Program Files (x86)\Google\Chrome\Application\77.0.3865.90\chrome_elf.dll
[1004/163827.862:ERROR:process_memory_win.cc(73)] ReadMemory at 0x7ff9a1110000 of 64 bytes failed: Seule une partie d’une requête ReadProcessMemory ou WriteProcessMemory a été effectuée. (0x12B)
[1004/163827.862:WARNING:pe_image_reader.cc(340)] could not read dos header from C:\WINDOWS\SYSTEM32\VERSION.dll
[1004/163827.862:ERROR:process_memory_win.cc(73)] ReadMemory at 0x7ff9a8c60000 of 64 bytes failed: Seule une partie d’une requête ReadProcessMemory ou WriteProcessMemory a été effectuée. (0x12B)
[1004/163827.862:WARNING:pe_image_reader.cc(340)] could not read dos header from C:\WINDOWS\System32\msvcrt.dll
[1004/163827.862:ERROR:process_memory_win.cc(73)] ReadMemory at 0x7ff9a6340000 of 64 bytes failed: Seule une partie d’une requête ReadProcessMemory ou WriteProcessMemory a été effectuée. (0x12B)
[1004/163827.862:WARNING:pe_image_reader.cc(340)] could not read dos header from C:\WINDOWS\System32\bcryptPrimitives.dll
[1004/163827.862:ERROR:process_memory_win.cc(73)] ReadMemory at 0x7ff9a6a40000 of 64 bytes failed: Seule une partie d’une requête ReadProcessMemory ou WriteProcessMemory a été effectuée. (0x12B)
[1004/163827.862:WARNING:pe_image_reader.cc(340)] could not read dos header from C:\WINDOWS\System32\ADVAPI32.dll
[1004/163827.862:ERROR:process_memory_win.cc(73)] ReadMemory at 0x7ff9a8f50000 of 64 bytes failed: Seule une partie d’une requête ReadProcessMemory ou WriteProcessMemory a été effectuée. (0x12B)
[1004/163827.862:WARNING:pe_image_reader.cc(340)] could not read dos header from C:\WINDOWS\System32\sechost.dll
[1004/163827.862:ERROR:process_memory_win.cc(73)] ReadMemory at 0x7ff9a9300000 of 64 bytes failed: Seule une partie d’une requête ReadProcessMemory ou WriteProcessMemory a été effectuée. (0x12B)
[1004/163827.862:WARNING:pe_image_reader.cc(340)] could not read dos header from C:\WINDOWS\System32\RPCRT4.dll
[1004/163827.862:ERROR:process_memory_win.cc(73)] ReadMemory at 0x7ff948b50000 of 64 bytes failed: Seule une partie d’une requête ReadProcessMemory ou WriteProcessMemory a été effectuée. (0x12B)
[1004/163827.862:WARNING:pe_image_reader.cc(340)] could not read dos header from C:\Program Files (x86)\Google\Chrome\Application\77.0.3865.90\chrome_child.dll
[1004/163827.862:ERROR:process_memory_win.cc(73)] ReadMemory at 0x7ff9a9000000 of 64 bytes failed: Seule une partie d’une requête ReadProcessMemory ou WriteProcessMemory a été effectuée. (0x12B)
[1004/163827.862:WARNING:pe_image_reader.cc(340)] could not read dos header from C:\WINDOWS\System32\OLEAUT32.dll
[1004/163827.862:ERROR:process_memory_win.cc(73)] ReadMemory at 0x7ff9a55e0000 of 64 bytes failed: Seule une partie d’une requête ReadProcessMemory ou WriteProcessMemory a été effectuée. (0x12B)
[1004/163827.862:WARNING:pe_image_reader.cc(340)] could not read dos header from C:\WINDOWS\System32\msvcp_win.dll
[1004/163827.862:ERROR:process_memory_win.cc(73)] ReadMemory at 0x7ff9a5df0000 of 64 bytes failed: Seule une partie d’une requête ReadProcessMemory ou WriteProcessMemory a été effectuée. (0x12B)
[1004/163827.862:WARNING:pe_image_reader.cc(340)] could not read dos header from C:\WINDOWS\System32\ucrtbase.dll
[1004/163827.863:ERROR:process_memory_win.cc(73)] ReadMemory at 0x1446e400000 of 64 bytes failed: Seule une partie d’une requête ReadProcessMemory ou WriteProcessMemory a été effectuée. (0x12B)
[1004/163827.863:WARNING:pe_image_reader.cc(340)] could not read dos header from C:\WINDOWS\System32\combase.dll
[1004/163827.863:ERROR:process_memory_win.cc(73)] ReadMemory at 0x7ff9a7530000 of 64 bytes failed: Seule une partie d’une requête ReadProcessMemory ou WriteProcessMemory a été effectuée. (0x12B)
[1004/163827.863:WARNING:pe_image_reader.cc(340)] could not read dos header from C:\WINDOWS\System32\WS2_32.dll
[1004/163827.863:ERROR:process_memory_win.cc(73)] ReadMemory at 0x7ff9a67f0000 of 64 bytes failed: Seule une partie d’une requête ReadProcessMemory ou WriteProcessMemory a été effectuée. (0x12B)
[1004/163827.863:WARNING:pe_image_reader.cc(340)] could not read dos header from C:\WINDOWS\System32\GDI32.dll
[1004/163827.863:ERROR:process_memory_win.cc(73)] ReadMemory at 0x7ff9a63c0000 of 64 bytes failed: Seule une partie d’une requête ReadProcessMemory ou WriteProcessMemory a été effectuée. (0x12B)
[1004/163827.863:WARNING:pe_image_reader.cc(340)] could not read dos header from C:\WINDOWS\System32\gdi32full.dll
[1004/163827.863:ERROR:process_memory_win.cc(73)] ReadMemory at 0x7ff9a8d00000 of 64 bytes failed: Seule une partie d’une requête ReadProcessMemory ou WriteProcessMemory a été effectuée. (0x12B)
[1004/163827.863:WARNING:pe_image_reader.cc(340)] could not read dos header from C:\WINDOWS\System32\USER32.dll
[1004/163827.863:ERROR:process_memory_win.cc(73)] ReadMemory at 0x7ff9a6000000 of 64 bytes failed: Seule une partie d’une requête ReadProcessMemory ou WriteProcessMemory a été effectuée. (0x12B)
[1004/163827.863:WARNING:pe_image_reader.cc(340)] could not read dos header from C:\WINDOWS\System32\win32u.dll
[1004/163827.863:ERROR:process_memory_win.cc(73)] ReadMemory at 0x7ff9a5ef0000 of 64 bytes failed: Seule une partie d’une requête ReadProcessMemory ou WriteProcessMemory a été effectuée. (0x12B)
[1004/163827.863:WARNING:pe_image_reader.cc(340)] could not read dos header from C:\WINDOWS\System32\WINTRUST.dll
[1004/163827.863:ERROR:process_memory_win.cc(73)] ReadMemory at 0x7ff9a5510000 of 64 bytes failed: Seule une partie d’une requête ReadProcessMemory ou WriteProcessMemory a été effectuée. (0x12B)
[1004/163827.863:WARNING:pe_image_reader.cc(340)] could not read dos header from C:\WINDOWS\System32\MSASN1.dll
[1004/163827.863:ERROR:process_memory_win.cc(73)] ReadMemory at 0x7ff9a6560000 of 64 bytes failed: Seule une partie d’une requête ReadProcessMemory ou WriteProcessMemory a été effectuée. (0x12B)
[1004/163827.863:WARNING:pe_image_reader.cc(340)] could not read dos header from C:\WINDOWS\System32\CRYPT32.dll
[1004/163827.863:ERROR:process_memory_win.cc(73)] ReadMemory at 0x7ff9a4aa0000 of 64 bytes failed: Seule une partie d’une requête ReadProcessMemory ou WriteProcessMemory a été effectuée. (0x12B)
[1004/163827.863:WARNING:pe_image_reader.cc(340)] could not read dos header from C:\WINDOWS\SYSTEM32\IPHLPAPI.DLL
[1004/163827.863:ERROR:process_memory_win.cc(73)] ReadMemory at 0x7ff99c200000 of 64 bytes failed: Seule une partie d’une requête ReadProcessMemory ou WriteProcessMemory a été effectuée. (0x12B)
[1004/163827.863:WARNING:pe_image_reader.cc(340)] could not read dos header from C:\WINDOWS\SYSTEM32\WINMM.dll
[1004/163827.863:ERROR:process_memory_win.cc(73)] ReadMemory at 0x7ff9a5410000 of 64 bytes failed: Seule une partie d’une requête ReadProcessMemory ou WriteProcessMemory a été effectuée. (0x12B)
[1004/163827.863:WARNING:pe_image_reader.cc(340)] could not read dos header from C:\WINDOWS\SYSTEM32\USERENV.dll
[1004/163827.863:ERROR:process_memory_win.cc(73)] ReadMemory at 0x7ff9a5590000 of 64 bytes failed: Seule une partie d’une requête ReadProcessMemory ou WriteProcessMemory a été effectuée. (0x12B)
[1004/163827.863:WARNING:pe_image_reader.cc(340)] could not read dos header from C:\WINDOWS\System32\profapi.dll
[1004/163827.863:ERROR:process_memory_win.cc(73)] ReadMemory at 0x7ff993dd0000 of 64 bytes failed: Seule une partie d’une requête ReadProcessMemory ou WriteProcessMemory a été effectuée. (0x12B)
[1004/163827.863:WARNING:pe_image_reader.cc(340)] could not read dos header from C:\WINDOWS\SYSTEM32\DWrite.dll
[1004/163827.863:ERROR:process_memory_win.cc(73)] ReadMemory at 0x7ff98b9c0000 of 64 bytes failed: Seule une partie d’une requête ReadProcessMemory ou WriteProcessMemory a été effectuée. (0x12B)
[1004/163827.863:WARNING:pe_image_reader.cc(340)] could not read dos header from C:\WINDOWS\SYSTEM32\WINSPOOL.DRV
[1004/163827.863:ERROR:process_memory_win.cc(73)] ReadMemory at 0x7ff9a55c0000 of 64 bytes failed: Seule une partie d’une requête ReadProcessMemory ou WriteProcessMemory a été effectuée. (0x12B)
[1004/163827.863:WARNING:pe_image_reader.cc(340)] could not read dos header from C:\WINDOWS\System32\kernel.appcore.dll
[1004/163827.863:ERROR:process_memory_win.cc(73)] ReadMemory at 0x7ff9a6020000 of 64 bytes failed: Seule une partie d’une requête ReadProcessMemory ou WriteProcessMemory a été effectuée. (0x12B)
[1004/163827.863:WARNING:pe_image_reader.cc(340)] could not read dos header from C:\WINDOWS\System32\bcrypt.dll
[1004/163827.863:ERROR:process_memory_win.cc(73)] ReadMemory at 0x7ff99dbd0000 of 64 bytes failed: Seule une partie d’une requête ReadProcessMemory ou WriteProcessMemory a été effectuée. (0x12B)
[1004/163827.863:WARNING:pe_image_reader.cc(340)] could not read dos header from C:\WINDOWS\SYSTEM32\dbghelp.dll
[1004/163827.863:ERROR:process_memory_win.cc(73)] ReadMemory at 0x7ff99e630000 of 64 bytes failed: Seule une partie d’une requête ReadProcessMemory ou WriteProcessMemory a été effectuée. (0x12B)
[1004/163827.863:WARNING:pe_image_reader.cc(340)] could not read dos header from C:\WINDOWS\SYSTEM32\WINHTTP.dll
[1004/163827.863:ERROR:process_memory_win.cc(73)] ReadMemory at 0x7ff993520000 of 64 bytes failed: Seule une partie d’une requête ReadProcessMemory ou WriteProcessMemory a été effectuée. (0x12B)
[1004/163827.864:WARNING:pe_image_reader.cc(340)] could not read dos header from C:\WINDOWS\SYSTEM32\Secur32.dll
[1004/163827.864:ERROR:process_memory_win.cc(73)] ReadMemory at 0x7ff99f610000 of 64 bytes failed: Seule une partie d’une requête ReadProcessMemory ou WriteProcessMemory a été effectuée. (0x12B)
[1004/163827.864:WARNING:pe_image_reader.cc(340)] could not read dos header from C:\WINDOWS\SYSTEM32\dhcpcsvc.DLL
[1004/163827.864:ERROR:process_memory_win.cc(73)] ReadMemory at 0x7ff9a8f40000 of 64 bytes failed: Seule une partie d’une requête ReadProcessMemory ou WriteProcessMemory a été effectuée. (0x12B)
[1004/163827.864:WARNING:pe_image_reader.cc(340)] could not read dos header from C:\WINDOWS\System32\NSI.dll
[1004/163827.864:ERROR:process_memory_win.cc(73)] ReadMemory at 0x7ff99c1d0000 of 64 bytes failed: Seule une partie d’une requête ReadProcessMemory ou WriteProcessMemory a été effectuée. (0x12B)
[1004/163827.864:WARNING:pe_image_reader.cc(340)] could not read dos header from C:\WINDOWS\SYSTEM32\WINMMBASE.dll
[1004/163827.864:ERROR:process_memory_win.cc(73)] ReadMemory at 0x7ff9a6050000 of 64 bytes failed: Seule une partie d’une requête ReadProcessMemory ou WriteProcessMemory a été effectuée. (0x12B)
[1004/163827.864:WARNING:pe_image_reader.cc(340)] could not read dos header from C:\WINDOWS\System32\cfgmgr32.dll
[1004/163827.864:ERROR:process_memory_win.cc(73)] ReadMemory at 0x7ff9a2080000 of 64 bytes failed: Seule une partie d’une requête ReadProcessMemory ou WriteProcessMemory a été effectuée. (0x12B)
[1004/163827.864:WARNING:pe_image_reader.cc(340)] could not read dos header from C:\WINDOWS\SYSTEM32\PROPSYS.dll
[1004/163827.864:ERROR:process_memory_win.cc(73)] ReadMemory at 0x7ff9a6740000 of 64 bytes failed: Seule une partie d’une requête ReadProcessMemory ou WriteProcessMemory a été effectuée. (0x12B)
[1004/163827.864:WARNING:pe_image_reader.cc(340)] could not read dos header from C:\WINDOWS\System32\shcore.dll
[1004/163827.864:ERROR:process_memory_win.cc(73)] ReadMemory at 0x7ff9a5440000 of 64 bytes failed: Seule une partie d’une requête ReadProcessMemory ou WriteProcessMemory a été effectuée. (0x12B)
[1004/163827.864:WARNING:pe_image_reader.cc(340)] could not read dos header from C:\WINDOWS\SYSTEM32\SSPICLI.DLL
[1004/163827.864:ERROR:process_memory_win.cc(73)] ReadMemory at 0x7ff9a8c30000 of 64 bytes failed: Seule une partie d’une requête ReadProcessMemory ou WriteProcessMemory a été effectuée. (0x12B)
[1004/163827.864:WARNING:pe_image_reader.cc(340)] could not read dos header from C:\WINDOWS\System32\IMM32.DLL
[1004/163827.864:ERROR:process_memory_win.cc(73)] ReadMemory at 0x7ff9a4f50000 of 64 bytes failed: Seule une partie d’une requête ReadProcessMemory ou WriteProcessMemory a été effectuée. (0x12B)
[1004/163827.864:WARNING:pe_image_reader.cc(340)] could not read dos header from C:\WINDOWS\SYSTEM32\CRYPTBASE.DLL
[1004/163827.873:ERROR:process_memory_win.cc(73)] ReadMemory at 0x3fe3ef000 of 69632 bytes failed: Seule une partie d’une requête ReadProcessMemory ou WriteProcessMemory a été effectuée. (0x12B)
[1004/163827.873:ERROR:process_memory_win.cc(73)] ReadMemory at 0x3febfd000 of 12288 bytes failed: Seule une partie d’une requête ReadProcessMemory ou WriteProcessMemory a été effectuée. (0x12B)
[1004/163827.873:ERROR:process_memory_win.cc(73)] ReadMemory at 0x3ffbfc000 of 16384 bytes failed: Seule une partie d’une requête ReadProcessMemory ou WriteProcessMemory a été effectuée. (0x12B)
[1004/163827.874:ERROR:process_memory_win.cc(73)] ReadMemory at 0x3807fc000 of 16384 bytes failed: Seule une partie d’une requête ReadProcessMemory ou WriteProcessMemory a été effectuée. (0x12B)
[1004/163827.874:ERROR:process_memory_win.cc(73)] ReadMemory at 0x380ffe000 of 8192 bytes failed: Seule une partie d’une requête ReadProcessMemory ou WriteProcessMemory a été effectuée. (0x12B)
[1004/163827.874:ERROR:process_memory_win.cc(73)] ReadMemory at 0x3817fd000 of 12288 bytes failed: Seule une partie d’une requête ReadProcessMemory ou WriteProcessMemory a été effectuée. (0x12B)
[1004/163827.874:ERROR:process_memory_win.cc(73)] ReadMemory at 0x381ffb000 of 20480 bytes failed: Seule une partie d’une requête ReadProcessMemory ou WriteProcessMemory a été effectuée. (0x12B)
[1004/163827.874:ERROR:process_memory_win.cc(73)] ReadMemory at 0x382ffa000 of 24576 bytes failed: Seule une partie d’une requête ReadProcessMemory ou WriteProcessMemory a été effectuée. (0x12B)
[1004/163827.874:ERROR:process_memory_win.cc(73)] ReadMemory at 0x3837fa000 of 24576 bytes failed: Seule une partie d’une requête ReadProcessMemory ou WriteProcessMemory a été effectuée. (0x12B)
[1004/163827.874:ERROR:process_memory_win.cc(73)] ReadMemory at 0x383ffd000 of 12288 bytes failed: Seule une partie d’une requête ReadProcessMemory ou WriteProcessMemory a été effectuée. (0x12B)
[1004/163827.875:ERROR:process_memory_win.cc(73)] ReadMemory at 0x384ffc000 of 16384 bytes failed: Seule une partie d’une requête ReadProcessMemory ou WriteProcessMemory a été effectuée. (0x12B)
[1004/163827.875:ERROR:process_memory_win.cc(73)] ReadMemory at 0x3847fd000 of 12288 bytes failed: Seule une partie d’une requête ReadProcessMemory ou WriteProcessMemory a été effectuée. (0x12B)
[1004/163827.875:ERROR:process_memory_win.cc(73)] ReadMemory at 0x3827fd000 of 12288 bytes failed: Seule une partie d’une requête ReadProcessMemory ou WriteProcessMemory a été effectuée. (0x12B)
[1004/163827.875:ERROR:process_memory_win.cc(73)] ReadMemory at 0x3fdb0f000 of 852 bytes failed: Seule une partie d’une requête ReadProcessMemory ou WriteProcessMemory a été effectuée. (0x12B)
[1004/163827.875:ERROR:process_memory_win.cc(73)] ReadMemory at 0x3fdb10000 of 6024 bytes failed: Seule une partie d’une requête ReadProcessMemory ou WriteProcessMemory a été effectuée. (0x12B)
[1004/163827.875:ERROR:process_memory_win.cc(73)] ReadMemory at 0x3fdb12000 of 6024 bytes failed: Seule une partie d’une requête ReadProcessMemory ou WriteProcessMemory a été effectuée. (0x12B)
[1004/163827.875:ERROR:process_memory_win.cc(73)] ReadMemory at 0x3fdb16000 of 6024 bytes failed: Seule une partie d’une requête ReadProcessMemory ou WriteProcessMemory a été effectuée. (0x12B)
[1004/163827.875:ERROR:process_memory_win.cc(73)] ReadMemory at 0x3fdb18000 of 6024 bytes failed: Seule une partie d’une requête ReadProcessMemory ou WriteProcessMemory a été effectuée. (0x12B)
[1004/163827.875:ERROR:process_memory_win.cc(73)] ReadMemory at 0x3fdb1a000 of 6024 bytes failed: Seule une partie d’une requête ReadProcessMemory ou WriteProcessMemory a été effectuée. (0x12B)
[1004/163827.875:ERROR:process_memory_win.cc(73)] ReadMemory at 0x3fdb1c000 of 6024 bytes failed: Seule une partie d’une requête ReadProcessMemory ou WriteProcessMemory a été effectuée. (0x12B)
[1004/163827.875:ERROR:process_memory_win.cc(73)] ReadMemory at 0x3fdb1e000 of 6024 bytes failed: Seule une partie d’une requête ReadProcessMemory ou WriteProcessMemory a été effectuée. (0x12B)
[1004/163827.876:ERROR:process_memory_win.cc(73)] ReadMemory at 0x3fdb22000 of 6024 bytes failed: Seule une partie d’une requête ReadProcessMemory ou WriteProcessMemory a été effectuée. (0x12B)
[1004/163827.876:ERROR:process_memory_win.cc(73)] ReadMemory at 0x3fdb24000 of 6024 bytes failed: Seule une partie d’une requête ReadProcessMemory ou WriteProcessMemory a été effectuée. (0x12B)
[1004/163827.876:ERROR:process_memory_win.cc(73)] ReadMemory at 0x3fdb26000 of 6024 bytes failed: Seule une partie d’une requête ReadProcessMemory ou WriteProcessMemory a été effectuée. (0x12B)
[1004/163827.876:ERROR:process_memory_win.cc(73)] ReadMemory at 0x3fdb2a000 of 6024 bytes failed: Seule une partie d’une requête ReadProcessMemory ou WriteProcessMemory a été effectuée. (0x12B)
[1004/163827.876:ERROR:process_memory_win.cc(73)] ReadMemory at 0x3fdb30000 of 6024 bytes failed: Seule une partie d’une requête ReadProcessMemory ou WriteProcessMemory a été effectuée. (0x12B)
[1004/163827.876:ERROR:process_memory_win.cc(73)] ReadMemory at 0x3fdb34000 of 6024 bytes failed: Seule une partie d’une requête ReadProcessMemory ou WriteProcessMemory a été effectuée. (0x12B)
[1004/163827.876:ERROR:process_memory_win.cc(73)] ReadMemory at 0x1446dfa0fe0 of 15540 bytes failed: Seule une partie d’une requête ReadProcessMemory ou WriteProcessMemory a été effectuée. (0x12B)
[1004/163827.876:ERROR:process_memory_win.cc(73)] ReadMemory at 0x1446dfa4ca0 of 1012 bytes failed: Seule une partie d’une requête ReadProcessMemory ou WriteProcessMemory a été effectuée. (0x12B)
[1004/163827.876:ERROR:process_memory_win.cc(73)] ReadMemory at 0x1446dfa52c8 of 118 bytes failed: Seule une partie d’une requête ReadProcessMemory ou WriteProcessMemory a été effectuée. (0x12B)
[1004/163827.876:ERROR:process_memory_win.cc(73)] ReadMemory at 0x1446dfa5340 of 902 bytes failed: Seule une partie d’une requête ReadProcessMemory ou WriteProcessMemory a été effectuée. (0x12B)
[1004/163827.876:ERROR:process_memory_win.cc(73)] ReadMemory at 0x1446dfa56c8 of 118 bytes failed: Seule une partie d’une requête ReadProcessMemory ou WriteProcessMemory a été effectuée. (0x12B)
[1004/163827.876:ERROR:process_memory_win.cc(73)] ReadMemory at 0x1446dfa5740 of 96 bytes failed: Seule une partie d’une requête ReadProcessMemory ou WriteProcessMemory a été effectuée. (0x12B)
[1004/163827.877:ERROR:process_memory_win.cc(73)] ReadMemory at 0x1446dfa57b0 of 58 bytes failed: Seule une partie d’une requête ReadProcessMemory ou WriteProcessMemory a été effectuée. (0x12B)
[1004/163827.877:ERROR:process_memory_win.cc(73)] ReadMemory at 0x1446dfa58b0 of 132 bytes failed: Seule une partie d’une requête ReadProcessMemory ou WriteProcessMemory a été effectuée. (0x12B)
[1004/163827.877:ERROR:process_memory_win.cc(73)] ReadMemory at 0x1446dfa5a40 of 132 bytes failed: Seule une partie d’une requête ReadProcessMemory ou WriteProcessMemory a été effectuée. (0x12B)
[1004/163827.877:ERROR:process_memory_win.cc(73)] ReadMemory at 0x1446dfa5c00 of 124 bytes failed: Seule une partie d’une requête ReadProcessMemory ou WriteProcessMemory a été effectuée. (0x12B)
[1004/163827.877:ERROR:process_memory_win.cc(73)] ReadMemory at 0x1446dfa5fe0 of 132 bytes failed: Seule une partie d’une requête ReadProcessMemory ou WriteProcessMemory a été effectuée. (0x12B)
[1004/163827.877:ERROR:process_memory_win.cc(73)] ReadMemory at 0x1446dfa6170 of 64 bytes failed: Seule une partie d’une requête ReadProcessMemory ou WriteProcessMemory a été effectuée. (0x12B)
[1004/163827.877:ERROR:process_memory_win.cc(73)] ReadMemory at 0x1446dfa61c0 of 132 bytes failed: Seule une partie d’une requête ReadProcessMemory ou WriteProcessMemory a été effectuée. (0x12B)
[1004/163827.877:ERROR:process_memory_win.cc(73)] ReadMemory at 0x1446dfa6330 of 132 bytes failed: Seule une partie d’une requête ReadProcessMemory ou WriteProcessMemory a été effectuée. (0x12B)
[1004/163827.877:ERROR:process_memory_win.cc(73)] ReadMemory at 0x1446dfa65d0 of 132 bytes failed: Seule une partie d’une requête ReadProcessMemory ou WriteProcessMemory a été effectuée. (0x12B)
[1004/163827.877:ERROR:process_memory_win.cc(73)] ReadMemory at 0x1446dfa6760 of 68 bytes failed: Seule une partie d’une requête ReadProcessMemory ou WriteProcessMemory a été effectuée. (0x12B)
[1004/163827.877:ERROR:process_memory_win.cc(73)] ReadMemory at 0x1446dfa7760 of 132 bytes failed: Seule une partie d’une requête ReadProcessMemory ou WriteProcessMemory a été effectuée. (0x12B)
[1004/163827.877:ERROR:process_memory_win.cc(73)] ReadMemory at 0x1446dfa78f0 of 152 bytes failed: Seule une partie d’une requête ReadProcessMemory ou WriteProcessMemory a été effectuée. (0x12B)
[1004/163827.877:ERROR:process_memory_win.cc(73)] ReadMemory at 0x1446dfa86d0 of 62 bytes failed: Seule une partie d’une requête ReadProcessMemory ou WriteProcessMemory a été effectuée. (0x12B)
[1004/163827.877:ERROR:process_memory_win.cc(73)] ReadMemory at 0x1446dfa8720 of 132 bytes failed: Seule une partie d’une requête ReadProcessMemory ou WriteProcessMemory a été effectuée. (0x12B)
[1004/163827.877:ERROR:process_memory_win.cc(73)] ReadMemory at 0x1446dfa88c0 of 132 bytes failed: Seule une partie d’une requête ReadProcessMemory ou WriteProcessMemory a été effectuée. (0x12B)
[1004/163827.877:ERROR:process_memory_win.cc(73)] ReadMemory at 0x1446dfa89f0 of 60 bytes failed: Seule une partie d’une requête ReadProcessMemory ou WriteProcessMemory a été effectuée. (0x12B)
[1004/163827.877:ERROR:process_memory_win.cc(73)] ReadMemory at 0x1446dfaa620 of 132 bytes failed: Seule une partie d’une requête ReadProcessMemory ou WriteProcessMemory a été effectuée. (0x12B)
[1004/163827.877:ERROR:process_memory_win.cc(73)] ReadMemory at 0x1446dfaa750 of 132 bytes failed: Seule une partie d’une requête ReadProcessMemory ou WriteProcessMemory a été effectuée. (0x12B)
[1004/163827.878:ERROR:process_memory_win.cc(73)] ReadMemory at 0x1446dfaaa30 of 132 bytes failed: Seule une partie d’une requête ReadProcessMemory ou WriteProcessMemory a été effectuée. (0x12B)
[1004/163827.878:ERROR:process_memory_win.cc(73)] ReadMemory at 0x1446dfaaae0 of 512 bytes failed: Seule une partie d’une requête ReadProcessMemory ou WriteProcessMemory a été effectuée. (0x12B)
[1004/163827.878:ERROR:process_memory_win.cc(73)] ReadMemory at 0x1446dfad220 of 132 bytes failed: Seule une partie d’une requête ReadProcessMemory ou WriteProcessMemory a été effectuée. (0x12B)
[1004/163827.878:ERROR:process_memory_win.cc(73)] ReadMemory at 0x1446dfad350 of 132 bytes failed: Seule une partie d’une requête ReadProcessMemory ou WriteProcessMemory a été effectuée. (0x12B)
[1004/163827.878:ERROR:process_memory_win.cc(73)] ReadMemory at 0x1446dfad4e0 of 80 bytes failed: Seule une partie d’une requête ReadProcessMemory ou WriteProcessMemory a été effectuée. (0x12B)
[1004/163827.878:ERROR:process_memory_win.cc(73)] ReadMemory at 0x1446dfad6d0 of 62 bytes failed: Seule une partie d’une requête ReadProcessMemory ou WriteProcessMemory a été effectuée. (0x12B)
[1004/163827.878:ERROR:process_memory_win.cc(73)] ReadMemory at 0x1446dfad720 of 62 bytes failed: Seule une partie d’une requête ReadProcessMemory ou WriteProcessMemory a été effectuée. (0x12B)
[1004/163827.878:ERROR:process_memory_win.cc(73)] ReadMemory at 0x1446dfad770 of 64 bytes failed: Seule une partie d’une requête ReadProcessMemory ou WriteProcessMemory a été effectuée. (0x12B)
[1004/163827.878:ERROR:process_memory_win.cc(73)] ReadMemory at 0x1446dfad7c0 of 60 bytes failed: Seule une partie d’une requête ReadProcessMemory ou WriteProcessMemory a été effectuée. (0x12B)
[1004/163827.878:ERROR:process_memory_win.cc(73)] ReadMemory at 0x1446dfad810 of 58 bytes failed: Seule une partie d’une requête ReadProcessMemory ou WriteProcessMemory a été effectuée. (0x12B)
[1004/163827.878:ERROR:process_memory_win.cc(73)] ReadMemory at 0x1446dfad9a0 of 64 bytes failed: Seule une partie d’une requête ReadProcessMemory ou WriteProcessMemory a été effectuée. (0x12B)
[1004/163827.878:ERROR:process_memory_win.cc(73)] ReadMemory at 0x1446dfada90 of 64 bytes failed: Seule une partie d’une requête ReadProcessMemory ou WriteProcessMemory a été effectuée. (0x12B)
[1004/163827.878:ERROR:process_memory_win.cc(73)] ReadMemory at 0x1446dfadcc0 of 66 bytes failed: Seule une partie d’une requête ReadProcessMemory ou WriteProcessMemory a été effectuée. (0x12B)
[1004/163827.878:ERROR:process_memory_win.cc(73)] ReadMemory at 0x1446dfadd10 of 60 bytes failed: Seule une partie d’une requête ReadProcessMemory ou WriteProcessMemory a été effectuée. (0x12B)
[1004/163827.878:ERROR:process_memory_win.cc(73)] ReadMemory at 0x1446dfaea20 of 76 bytes failed: Seule une partie d’une requête ReadProcessMemory ou WriteProcessMemory a été effectuée. (0x12B)
[1004/163827.878:ERROR:process_memory_win.cc(73)] ReadMemory at 0x1446dfb2db0 of 54 bytes failed: Seule une partie d’une requête ReadProcessMemory ou WriteProcessMemory a été effectuée. (0x12B)
[1004/163827.878:ERROR:process_memory_win.cc(73)] ReadMemory at 0x1446dfb3970 of 132 bytes failed: Seule une partie d’une requête ReadProcessMemory ou WriteProcessMemory a été effectuée. (0x12B)
[1004/163827.878:ERROR:process_memory_win.cc(73)] ReadMemory at 0x1446dfb3cc0 of 132 bytes failed: Seule une partie d’une requête ReadProcessMemory ou WriteProcessMemory a été effectuée. (0x12B)
[1004/163827.878:ERROR:process_memory_win.cc(73)] ReadMemory at 0x1446dfb4910 of 156 bytes failed: Seule une partie d’une requête ReadProcessMemory ou WriteProcessMemory a été effectuée. (0x12B)
[1004/163827.878:ERROR:process_memory_win.cc(73)] ReadMemory at 0x1446dfb5270 of 60 bytes failed: Seule une partie d’une requête ReadProcessMemory ou WriteProcessMemory a été effectuée. (0x12B)
[1004/163827.879:ERROR:process_memory_win.cc(73)] ReadMemory at 0x1446dfb52c0 of 62 bytes failed: Seule une partie d’une requête ReadProcessMemory ou WriteProcessMemory a été effectuée. (0x12B)
[1004/163827.879:ERROR:process_memory_win.cc(73)] ReadMemory at 0x1446dfb5310 of 66 bytes failed: Seule une partie d’une requête ReadProcessMemory ou WriteProcessMemory a été effectuée. (0x12B)
[1004/163827.879:ERROR:process_memory_win.cc(73)] ReadMemory at 0x1446dfb5360 of 62 bytes failed: Seule une partie d’une requête ReadProcessMemory ou WriteProcessMemory a été effectuée. (0x12B)
[1004/163827.879:ERROR:process_memory_win.cc(73)] ReadMemory at 0x1446dfb53b0 of 58 bytes failed: Seule une partie d’une requête ReadProcessMemory ou WriteProcessMemory a été effectuée. (0x12B)
[1004/163827.879:ERROR:process_memory_win.cc(73)] ReadMemory at 0x1446dfb5400 of 62 bytes failed: Seule une partie d’une requête ReadProcessMemory ou WriteProcessMemory a été effectuée. (0x12B)
[1004/163827.879:ERROR:process_memory_win.cc(73)] ReadMemory at 0x1446dfb5450 of 64 bytes failed: Seule une partie d’une requête ReadProcessMemory ou WriteProcessMemory a été effectuée. (0x12B)
[1004/163827.879:ERROR:process_memory_win.cc(73)] ReadMemory at 0x1446dfb54f0 of 64 bytes failed: Seule une partie d’une requête ReadProcessMemory ou WriteProcessMemory a été effectuée. (0x12B)
[1004/163827.879:ERROR:process_memory_win.cc(73)] ReadMemory at 0x1446dfb5540 of 60 bytes failed: Seule une partie d’une requête ReadProcessMemory ou WriteProcessMemory a été effectuée. (0x12B)
[1004/163827.879:ERROR:process_memory_win.cc(73)] ReadMemory at 0x1446dfb5590 of 60 bytes failed: Seule une partie d’une requête ReadProcessMemory ou WriteProcessMemory a été effectuée. (0x12B)
[1004/163827.879:ERROR:process_memory_win.cc(73)] ReadMemory at 0x1446dfb55e0 of 62 bytes failed: Seule une partie d’une requête ReadProcessMemory ou WriteProcessMemory a été effectuée. (0x12B)
[1004/163827.879:ERROR:process_memory_win.cc(73)] ReadMemory at 0x1446dfb5680 of 62 bytes failed: Seule une partie d’une requête ReadProcessMemory ou WriteProcessMemory a été effectuée. (0x12B)
[1004/163827.879:ERROR:process_memory_win.cc(73)] ReadMemory at 0x1446dfb57c0 of 64 bytes failed: Seule une partie d’une requête ReadProcessMemory ou WriteProcessMemory a été effectuée. (0x12B)
[1004/163827.879:ERROR:process_memory_win.cc(73)] ReadMemory at 0x1446dfb5950 of 62 bytes failed: Seule une partie d’une requête ReadProcessMemory ou WriteProcessMemory a été effectuée. (0x12B)
[1004/163827.879:ERROR:process_memory_win.cc(73)] ReadMemory at 0x1446dfb5a40 of 66 bytes failed: Seule une partie d’une requête ReadProcessMemory ou WriteProcessMemory a été effectuée. (0x12B)
[1004/163827.879:ERROR:process_memory_win.cc(73)] ReadMemory at 0x1446dfb5d10 of 62 bytes failed: Seule une partie d’une requête ReadProcessMemory ou WriteProcessMemory a été effectuée. (0x12B)
[1004/163827.879:ERROR:process_memory_win.cc(73)] ReadMemory at 0x1446dfb5d60 of 64 bytes failed: Seule une partie d’une requête ReadProcessMemory ou WriteProcessMemory a été effectuée. (0x12B)
[1004/163827.879:ERROR:process_memory_win.cc(73)] ReadMemory at 0x1446dfb5db0 of 60 bytes failed: Seule une partie d’une requête ReadProcessMemory ou WriteProcessMemory a été effectuée. (0x12B)
[1004/163827.879:ERROR:process_memory_win.cc(73)] ReadMemory at 0x1446dfb5e50 of 58 bytes failed: Seule une partie d’une requête ReadProcessMemory ou WriteProcessMemory a été effectuée. (0x12B)
[1004/163827.879:ERROR:process_memory_win.cc(73)] ReadMemory at 0x1446dfb5f40 of 64 bytes failed: Seule une partie d’une requête ReadProcessMemory ou WriteProcessMemory a été effectuée. (0x12B)
[1004/163827.880:ERROR:process_memory_win.cc(73)] ReadMemory at 0x1446dfb5f90 of 62 bytes failed: Seule une partie d’une requête ReadProcessMemory ou WriteProcessMemory a été effectuée. (0x12B)
[1004/163827.880:ERROR:process_memory_win.cc(73)] ReadMemory at 0x1446dfb5fe0 of 60 bytes failed: Seule une partie d’une requête ReadProcessMemory ou WriteProcessMemory a été effectuée. (0x12B)
[1004/163827.880:ERROR:process_memory_win.cc(73)] ReadMemory at 0x1446dfb6030 of 60 bytes failed: Seule une partie d’une requête ReadProcessMemory ou WriteProcessMemory a été effectuée. (0x12B)
[1004/163827.880:ERROR:process_memory_win.cc(73)] ReadMemory at 0x1446dfb9aa0 of 132 bytes failed: Seule une partie d’une requête ReadProcessMemory ou WriteProcessMemory a été effectuée. (0x12B)
[1004/163827.880:ERROR:process_memory_win.cc(73)] ReadMemory at 0x1446dfb9e10 of 132 bytes failed: Seule une partie d’une requête ReadProcessMemory ou WriteProcessMemory a été effectuée. (0x12B)
[1004/163827.880:ERROR:process_memory_win.cc(73)] ReadMemory at 0x1446dfb9f40 of 132 bytes failed: Seule une partie d’une requête ReadProcessMemory ou WriteProcessMemory a été effectuée. (0x12B)
[1004/163827.880:ERROR:process_memory_win.cc(73)] ReadMemory at 0x1446dfba070 of 132 bytes failed: Seule une partie d’une requête ReadProcessMemory ou WriteProcessMemory a été effectuée. (0x12B)
[1004/163827.880:ERROR:process_memory_win.cc(73)] ReadMemory at 0x1446dfba1a0 of 132 bytes failed: Seule une partie d’une requête ReadProcessMemory ou WriteProcessMemory a été effectuée. (0x12B)
[1004/163827.880:ERROR:process_memory_win.cc(73)] ReadMemory at 0x1446dfba2d0 of 132 bytes failed: Seule une partie d’une requête ReadProcessMemory ou WriteProcessMemory a été effectuée. (0x12B)
[1004/163827.880:ERROR:process_memory_win.cc(73)] ReadMemory at 0x1446dfba400 of 132 bytes failed: Seule une partie d’une requête ReadProcessMemory ou WriteProcessMemory a été effectuée. (0x12B)
[1004/163827.880:ERROR:process_memory_win.cc(73)] ReadMemory at 0x1446dfba660 of 132 bytes failed: Seule une partie d’une requête ReadProcessMemory ou WriteProcessMemory a été effectuée. (0x12B)
[1004/163827.880:ERROR:process_memory_win.cc(73)] ReadMemory at 0x1446dfba790 of 132 bytes failed: Seule une partie d’une requête ReadProcessMemory ou WriteProcessMemory a été effectuée. (0x12B)
[1004/163827.880:ERROR:process_memory_win.cc(73)] ReadMemory at 0x1446dfba8c0 of 132 bytes failed: Seule une partie d’une requête ReadProcessMemory ou WriteProcessMemory a été effectuée. (0x12B)
[1004/163827.880:ERROR:process_memory_win.cc(73)] ReadMemory at 0x1446dfba9f0 of 132 bytes failed: Seule une partie d’une requête ReadProcessMemory ou WriteProcessMemory a été effectuée. (0x12B)
[1004/163827.880:ERROR:process_memory_win.cc(73)] ReadMemory at 0x1446dfbab20 of 132 bytes failed: Seule une partie d’une requête ReadProcessMemory ou WriteProcessMemory a été effectuée. (0x12B)
[1004/163827.880:ERROR:process_memory_win.cc(73)] ReadMemory at 0x1446dfbac50 of 132 bytes failed: Seule une partie d’une requête ReadProcessMemory ou WriteProcessMemory a été effectuée. (0x12B)
[1004/163827.880:ERROR:process_memory_win.cc(73)] ReadMemory at 0x1446dfbafe0 of 132 bytes failed: Seule une partie d’une requête ReadProcessMemory ou WriteProcessMemory a été effectuée. (0x12B)
[1004/163827.880:ERROR:process_memory_win.cc(73)] ReadMemory at 0x1446dfbb110 of 132 bytes failed: Seule une partie d’une requête ReadProcessMemory ou WriteProcessMemory a été effectuée. (0x12B)
[1004/163827.880:ERROR:process_memory_win.cc(73)] ReadMemory at 0x1446dfbb240 of 132 bytes failed: Seule une partie d’une requête ReadProcessMemory ou WriteProcessMemory a été effectuée. (0x12B)
[1004/163827.880:ERROR:process_memory_win.cc(73)] ReadMemory at 0x1446dfbb370 of 132 bytes failed: Seule une partie d’une requête ReadProcessMemory ou WriteProcessMemory a été effectuée. (0x12B)
[1004/163827.881:ERROR:process_memory_win.cc(73)] ReadMemory at 0x1446dfbbe20 of 132 bytes failed: Seule une partie d’une requête ReadProcessMemory ou WriteProcessMemory a été effectuée. (0x12B)
[1004/163827.881:ERROR:process_memory_win.cc(73)] ReadMemory at 0x1446dfbc080 of 132 bytes failed: Seule une partie d’une requête ReadProcessMemory ou WriteProcessMemory a été effectuée. (0x12B)
[1004/163827.881:ERROR:process_memory_win.cc(73)] ReadMemory at 0x1446dfbc410 of 132 bytes failed: Seule une partie d’une requête ReadProcessMemory ou WriteProcessMemory a été effectuée. (0x12B)
[1004/163827.881:ERROR:process_memory_win.cc(73)] ReadMemory at 0x1446dfbc670 of 132 bytes failed: Seule une partie d’une requête ReadProcessMemory ou WriteProcessMemory a été effectuée. (0x12B)
[1004/163827.881:ERROR:process_memory_win.cc(73)] ReadMemory at 0x1446dfbc7a0 of 132 bytes failed: Seule une partie d’une requête ReadProcessMemory ou WriteProcessMemory a été effectuée. (0x12B)
[1004/163827.881:ERROR:process_memory_win.cc(73)] ReadMemory at 0x1446dfbc8d0 of 132 bytes failed: Seule une partie d’une requête ReadProcessMemory ou WriteProcessMemory a été effectuée. (0x12B)
[1004/163827.881:ERROR:process_memory_win.cc(73)] ReadMemory at 0x1446dfbca00 of 132 bytes failed: Seule une partie d’une requête ReadProcessMemory ou WriteProcessMemory a été effectuée. (0x12B)
[1004/163827.881:ERROR:process_memory_win.cc(73)] ReadMemory at 0x1446dfbcb30 of 132 bytes failed: Seule une partie d’une requête ReadProcessMemory ou WriteProcessMemory a été effectuée. (0x12B)
[1004/163827.881:ERROR:process_memory_win.cc(73)] ReadMemory at 0x1446dfbcc60 of 132 bytes failed: Seule une partie d’une requête ReadProcessMemory ou WriteProcessMemory a été effectuée. (0x12B)
[1004/163827.881:ERROR:process_memory_win.cc(73)] ReadMemory at 0x1446dfbcd90 of 132 bytes failed: Seule une partie d’une requête ReadProcessMemory ou WriteProcessMemory a été effectuée. (0x12B)
[1004/163827.881:ERROR:process_memory_win.cc(73)] ReadMemory at 0x1446dfd2c40 of 512 bytes failed: Seule une partie d’une requête ReadProcessMemory ou WriteProcessMemory a été effectuée. (0x12B)
[1004/163827.881:ERROR:process_memory_win.cc(73)] ReadMemory at 0x1446e958860 of 512 bytes failed: Seule une partie d’une requête ReadProcessMemory ou WriteProcessMemory a été effectuée. (0x12B)
[1004/163827.881:ERROR:process_memory_win.cc(73)] ReadMemory at 0x1446e968790 of 627 bytes failed: Seule une partie d’une requête ReadProcessMemory ou WriteProcessMemory a été effectuée. (0x12B)
[1004/163827.881:ERROR:process_memory_win.cc(73)] ReadMemory at 0x1446e974240 of 512 bytes failed: Seule une partie d’une requête ReadProcessMemory ou WriteProcessMemory a été effectuée. (0x12B)
[1004/163827.881:ERROR:process_memory_win.cc(73)] ReadMemory at 0x1446e977680 of 512 bytes failed: Seule une partie d’une requête ReadProcessMemory ou WriteProcessMemory a été effectuée. (0x12B)
[1004/163827.881:ERROR:process_memory_win.cc(73)] ReadMemory at 0x1446e991258 of 512 bytes failed: Seule une partie d’une requête ReadProcessMemory ou WriteProcessMemory a été effectuée. (0x12B)
[1004/163827.882:ERROR:process_memory_win.cc(73)] ReadMemory at 0x1446e99f2b0 of 712 bytes failed: Seule une partie d’une requête ReadProcessMemory ou WriteProcessMemory a été effectuée. (0x12B)
[1004/163827.882:ERROR:process_memory_win.cc(73)] ReadMemory at 0x1446ea04d20 of 512 bytes failed: Seule une partie d’une requête ReadProcessMemory ou WriteProcessMemory a été effectuée. (0x12B)
[1004/163827.882:ERROR:process_memory_win.cc(73)] ReadMemory at 0x14470767e68 of 512 bytes failed: Seule une partie d’une requête ReadProcessMemory ou WriteProcessMemory a été effectuée. (0x12B)
[1004/163827.882:ERROR:process_memory_win.cc(73)] ReadMemory at 0x14470768888 of 512 bytes failed: Seule une partie d’une requête ReadProcessMemory ou WriteProcessMemory a été effectuée. (0x12B)
[1004/163827.882:ERROR:process_memory_win.cc(73)] ReadMemory at 0x144707698d8 of 512 bytes failed: Seule une partie d’une requête ReadProcessMemory ou WriteProcessMemory a été effectuée. (0x12B)
[1004/163827.882:ERROR:process_memory_win.cc(73)] ReadMemory at 0x1447079ad20 of 512 bytes failed: Seule une partie d’une requête ReadProcessMemory ou WriteProcessMemory a été effectuée. (0x12B)
[1004/163827.882:ERROR:process_memory_win.cc(73)] ReadMemory at 0x14470838a40 of 512 bytes failed: Seule une partie d’une requête ReadProcessMemory ou WriteProcessMemory a été effectuée. (0x12B)
[1004/163827.882:ERROR:process_memory_win.cc(73)] ReadMemory at 0x14470a108e0 of 512 bytes failed: Seule une partie d’une requête ReadProcessMemory ou WriteProcessMemory a été effectuée. (0x12B)
[1004/163827.882:ERROR:process_memory_win.cc(73)] ReadMemory at 0x14470b9caf0 of 512 bytes failed: Seule une partie d’une requête ReadProcessMemory ou WriteProcessMemory a été effectuée. (0x12B)
[1004/163827.882:ERROR:process_memory_win.cc(73)] ReadMemory at 0x14470bb6a90 of 512 bytes failed: Seule une partie d’une requête ReadProcessMemory ou WriteProcessMemory a été effectuée. (0x12B)
[1004/163827.882:ERROR:process_memory_win.cc(73)] ReadMemory at 0x14470c06320 of 520 bytes failed: Seule une partie d’une requête ReadProcessMemory ou WriteProcessMemory a été effectuée. (0x12B)
[1004/163827.882:ERROR:process_memory_win.cc(73)] ReadMemory at 0x14470c0dc18 of 512 bytes failed: Seule une partie d’une requête ReadProcessMemory ou WriteProcessMemory a été effectuée. (0x12B)
[1004/163827.882:ERROR:process_memory_win.cc(73)] ReadMemory at 0x686d6c557f80 of 512 bytes failed: Seule une partie d’une requête ReadProcessMemory ou WriteProcessMemory a été effectuée. (0x12B)
[1004/163827.882:ERROR:process_memory_win.cc(73)] ReadMemory at 0x686d6cfb7f80 of 128 bytes failed: Seule une partie d’une requête ReadProcessMemory ou WriteProcessMemory a été effectuée. (0x12B)
[1004/163827.883:ERROR:process_memory_win.cc(73)] ReadMemory at 0x7ff94a586acc of 512 bytes failed: Seule une partie d’une requête ReadProcessMemory ou WriteProcessMemory a été effectuée. (0x12B)
[1004/163827.883:ERROR:process_memory_win.cc(73)] ReadMemory at 0x7ff94a5a896f of 512 bytes failed: Seule une partie d’une requête ReadProcessMemory ou WriteProcessMemory a été effectuée. (0x12B)
[1004/163827.883:ERROR:process_memory_win.cc(73)] ReadMemory at 0x7ff94d41f818 of 512 bytes failed: Seule une partie d’une requête ReadProcessMemory ou WriteProcessMemory a été effectuée. (0x12B)
[1004/163827.883:ERROR:process_memory_win.cc(73)] ReadMemory at 0x7ff9a60d90a9 of 512 bytes failed: Seule une partie d’une requête ReadProcessMemory ou WriteProcessMemory a été effectuée. (0x12B)
[1004/163827.883:ERROR:process_memory_win.cc(73)] ReadMemory at 0x7ff9a71521f0 of 512 bytes failed: Seule une partie d’une requête ReadProcessMemory ou WriteProcessMemory a été effectuée. (0x12B)
[1004/163827.883:ERROR:process_memory_win.cc(73)] ReadMemory at 0x7ff9a956ff00 of 512 bytes failed: Seule une partie d’une requête ReadProcessMemory ou WriteProcessMemory a été effectuée. (0x12B)
[1004/163827.883:ERROR:process_memory_win.cc(73)] ReadMemory at 0x7ff9a95bf764 of 672 bytes failed: Seule une partie d’une requête ReadProcessMemory ou WriteProcessMemory a été effectuée. (0x12B)
[1004/163827.883:ERROR:process_memory_win.cc(73)] ReadMemory at 0x7ff9a95bfd64 of 512 bytes failed: Seule une partie d’une requête ReadProcessMemory ou WriteProcessMemory a été effectuée. (0x12B)
[1004/163827.883:ERROR:process_memory_win.cc(73)] ReadMemory at 0x7ff9a95c2ff4 of 608 bytes failed: Seule une partie d’une requête ReadProcessMemory ou WriteProcessMemory a été effectuée. (0x12B)
[1004/163827.883:ERROR:process_memory_win.cc(73)] ReadMemory at 0x7ff9a964c0c8 of 18 bytes failed: Seule une partie d’une requête ReadProcessMemory ou WriteProcessMemory a été effectuée. (0x12B)
[1004/163827.883:ERROR:process_memory_win.cc(73)] ReadMemory at 0x7ff9a967f4f8 of 40 bytes failed: Seule une partie d’une requête ReadProcessMemory ou WriteProcessMemory a été effectuée. (0x12B)
[1004/163827.883:ERROR:process_memory_win.cc(73)] ReadMemory at 0x7ff9a967f978 of 48 bytes failed: Seule une partie d’une requête ReadProcessMemory ou WriteProcessMemory a été effectuée. (0x12B)
[1004/163827.883:ERROR:process_memory_win.cc(73)] ReadMemory at 0x7ff9a96853c0 of 64 bytes failed: Seule une partie d’une requête ReadProcessMemory ou WriteProcessMemory a été effectuée. (0x12B)
[1004/163827.884:ERROR:crash_report_database_win.cc(469)] failed to stat report
[1004/163827.884:ERROR:crash_report_database_win.cc(469)] failed to stat report
[1004/163827.884:ERROR:crash_report_database_win.cc(469)] failed to stat report
[1004/163827.884:ERROR:crash_report_database_win.cc(469)] failed to stat report
[1004/163827.884:ERROR:crash_report_database_win.cc(469)] failed to stat report
[1004/163827.884:ERROR:crash_report_database_win.cc(469)] failed to stat report
[1004/163827.884:ERROR:crash_report_database_win.cc(469)] failed to stat report
[1004/163827.884:ERROR:crash_report_database_win.cc(469)] failed to stat report
[1004/163827.884:ERROR:crash_report_database_win.cc(469)] failed to stat report
[1004/163827.887:ERROR:crash_report_database_win.cc(469)] failed to stat report
[1004/163827.887:ERROR:crash_report_database_win.cc(469)] failed to stat report
[1004/163827.887:ERROR:crash_report_database_win.cc(469)] failed to stat report
[1004/163827.887:ERROR:crash_report_database_win.cc(469)] failed to stat report
[1004/163827.887:ERROR:crash_report_database_win.cc(469)] failed to stat report
[1004/163827.887:ERROR:crash_report_database_win.cc(469)] failed to stat report
[1004/163827.887:ERROR:crash_report_database_win.cc(469)] failed to stat report
[1004/163827.887:ERROR:crash_report_database_win.cc(469)] failed to stat report
[1004/163827.887:ERROR:crash_report_database_win.cc(469)] failed to stat report
[1004/163827.886:ERROR:scoped_process_suspend.cc(40)] NtResumeProcess: Tentative d’accès à un processus en cours d’arrêt. (0xc000010a)
[1004/163827.888:ERROR:crash_report_database_win.cc(469)] failed to stat report
[1004/163827.888:ERROR:crash_report_database_win.cc(469)] failed to stat report
[1004/163827.888:ERROR:crash_report_database_win.cc(469)] failed to stat report
[1004/163827.888:ERROR:crash_report_database_win.cc(469)] failed to stat report
[1004/163827.888:ERROR:crash_report_database_win.cc(469)] failed to stat report
[1004/163827.888:ERROR:crash_report_database_win.cc(469)] failed to stat report
[1004/163827.888:ERROR:crash_report_database_win.cc(469)] failed to stat report
[1004/163827.888:ERROR:crash_report_database_win.cc(469)] failed to stat report
[1004/163827.888:ERROR:crash_report_database_win.cc(469)] failed to stat report
[1004/163827.890:ERROR:crash_report_database_win.cc(469)] failed to stat report
[1004/163827.890:ERROR:crash_report_database_win.cc(469)] failed to stat report
[1004/163827.890:ERROR:crash_report_database_win.cc(469)] failed to stat report
[1004/163827.890:ERROR:crash_report_database_win.cc(469)] failed to stat report
[1004/163827.890:ERROR:crash_report_database_win.cc(469)] failed to stat report
[1004/163827.890:ERROR:crash_report_database_win.cc(469)] failed to stat report
[1004/163827.890:ERROR:crash_report_database_win.cc(469)] failed to stat report
[1004/163827.890:ERROR:crash_report_database_win.cc(469)] failed to stat report
[1004/163827.890:ERROR:crash_report_database_win.cc(469)] failed to stat report
[1004/164718.373:ERROR:crash_report_database_win.cc(469)] failed to stat report
[1004/164718.374:ERROR:crash_report_database_win.cc(469)] failed to stat report
[1004/164718.374:ERROR:crash_report_database_win.cc(469)] failed to stat report
[1004/164718.374:ERROR:crash_report_database_win.cc(469)] failed to stat report
[1004/164718.374:ERROR:crash_report_database_win.cc(469)] failed to stat report
[1004/164718.374:ERROR:crash_report_database_win.cc(469)] failed to stat report
[1004/164718.374:ERROR:crash_report_database_win.cc(469)] failed to stat report
[1004/164718.374:ERROR:crash_report_database_win.cc(469)] failed to stat report
[1004/164718.374:ERROR:crash_report_database_win.cc(469)] failed to stat report
[1004/165718.376:ERROR:crash_report_database_win.cc(469)] failed to stat report
[1004/165718.377:ERROR:crash_report_database_win.cc(469)] failed to stat report
[1004/165718.377:ERROR:crash_report_database_win.cc(469)] failed to stat report
[1004/165718.377:ERROR:crash_report_database_win.cc(469)] failed to stat report
[1004/165718.377:ERROR:crash_report_database_win.cc(469)] failed to stat report
[1004/165718.377:ERROR:crash_report_database_win.cc(469)] failed to stat report
[1004/165718.377:ERROR:crash_report_database_win.cc(469)] failed to stat report
[1004/165718.377:ERROR:crash_report_database_win.cc(469)] failed to stat report
[1004/165718.377:ERROR:crash_report_database_win.cc(469)] failed to stat report
[1004/165718.379:ERROR:crash_report_database_win.cc(469)] failed to stat report
[1004/165718.379:ERROR:crash_report_database_win.cc(469)] failed to stat report
[1004/165718.379:ERROR:crash_report_database_win.cc(469)] failed to stat report
[1004/165718.380:ERROR:crash_report_database_win.cc(469)] failed to stat report
[1004/165718.380:ERROR:crash_report_database_win.cc(469)] failed to stat report
[1004/165718.380:ERROR:crash_report_database_win.cc(469)] failed to stat report
[1004/165718.380:ERROR:crash_report_database_win.cc(469)] failed to stat report
[1004/165718.380:ERROR:crash_report_database_win.cc(469)] failed to stat report
[1004/165718.380:ERROR:crash_report_database_win.cc(469)] failed to stat report
[1004/170218.377:ERROR:crash_report_database_win.cc(469)] failed to stat report
[1004/170218.377:ERROR:crash_report_database_win.cc(469)] failed to stat report
[1004/170218.377:ERROR:crash_report_database_win.cc(469)] failed to stat report
[1004/170218.377:ERROR:crash_report_database_win.cc(469)] failed to stat report
[1004/170218.377:ERROR:crash_report_database_win.cc(469)] failed to stat report
[1004/170218.377:ERROR:crash_report_database_win.cc(469)] failed to stat report
[1004/170218.377:ERROR:crash_report_database_win.cc(469)] failed to stat report
[1004/170218.378:ERROR:crash_report_database_win.cc(469)] failed to stat report
[1004/170218.378:ERROR:crash_report_database_win.cc(469)] failed to stat report
[1004/170509.408:ERROR:crash_report_database_win.cc(469)] failed to stat report
[1004/170509.408:ERROR:crash_report_database_win.cc(469)] failed to stat report
[1004/170509.408:ERROR:crash_report_database_win.cc(469)] failed to stat report
[1004/170509.408:ERROR:crash_report_database_win.cc(469)] failed to stat report
[1004/170509.408:ERROR:crash_report_database_win.cc(469)] failed to stat report
[1004/170509.409:ERROR:crash_report_database_win.cc(469)] failed to stat report
[1004/170509.409:ERROR:crash_report_database_win.cc(469)] failed to stat report
[1004/170509.409:ERROR:crash_report_database_win.cc(469)] failed to stat report
[1004/170509.409:ERROR:crash_report_database_win.cc(469)] failed to stat report
[1004/171718.379:ERROR:crash_report_database_win.cc(469)] failed to stat report
[1004/171718.379:ERROR:crash_report_database_win.cc(469)] failed to stat report
[1004/171718.380:ERROR:crash_report_database_win.cc(469)] failed to stat report
[1004/171718.380:ERROR:crash_report_database_win.cc(469)] failed to stat report
[1004/171718.380:ERROR:crash_report_database_win.cc(469)] failed to stat report
[1004/171718.380:ERROR:crash_report_database_win.cc(469)] failed to stat report
[1004/171718.380:ERROR:crash_report_database_win.cc(469)] failed to stat report
[1004/171718.380:ERROR:crash_report_database_win.cc(469)] failed to stat report
[1004/171718.380:ERROR:crash_report_database_win.cc(469)] failed to stat report
[1004/173218.384:ERROR:crash_report_database_win.cc(469)] failed to stat report
[1004/173218.385:ERROR:crash_report_database_win.cc(469)] failed to stat report
[1004/173218.385:ERROR:crash_report_database_win.cc(469)] failed to stat report
[1004/173218.385:ERROR:crash_report_database_win.cc(469)] failed to stat report
[1004/173218.385:ERROR:crash_report_database_win.cc(469)] failed to stat report
[1004/173218.385:ERROR:crash_report_database_win.cc(469)] failed to stat report
[1004/173218.385:ERROR:crash_report_database_win.cc(469)] failed to stat report
[1004/173218.385:ERROR:crash_report_database_win.cc(469)] failed to stat report
[1004/173218.386:ERROR:crash_report_database_win.cc(469)] failed to stat report
